10:17:17.690 INFO  - initializing database
10:17:17.691 INFO  - loading database... 
10:17:17.931 INFO  - success

10:17:17.954 INFO  - No net-file given. No network will be imported.
10:17:17.956 INFO  - parsing route file
10:17:18.095 INFO  - processing route 1/10,    
10:17:18.098 INFO  - processing route 1/10,    edge 1/28
10:17:18.098 INFO  - processing route 1/10,    edge 2/28
10:17:18.099 INFO  - processing route 1/10,    edge 3/28
10:17:18.100 INFO  - processing route 1/10,    edge 4/28
10:17:18.100 INFO  - processing route 1/10,    edge 5/28
10:17:18.100 INFO  - processing route 1/10,    edge 6/28
10:17:18.100 INFO  - processing route 1/10,    edge 7/28
10:17:18.100 INFO  - processing route 1/10,    edge 8/28
10:17:18.100 INFO  - processing route 1/10,    edge 9/28
10:17:18.100 INFO  - processing route 1/10,    edge 10/28
10:17:18.100 INFO  - processing route 1/10,    edge 11/28
10:17:18.100 INFO  - processing route 1/10,    edge 12/28
10:17:18.100 INFO  - processing route 1/10,    edge 13/28
10:17:18.101 INFO  - processing route 1/10,    edge 14/28
10:17:18.101 INFO  - processing route 1/10,    edge 15/28
10:17:18.101 INFO  - processing route 1/10,    edge 16/28
10:17:18.101 INFO  - processing route 1/10,    edge 17/28
10:17:18.101 INFO  - processing route 1/10,    edge 18/28
10:17:18.101 INFO  - processing route 1/10,    edge 19/28
10:17:18.101 INFO  - processing route 1/10,    edge 20/28
10:17:18.101 INFO  - processing route 1/10,    edge 21/28
10:17:18.101 INFO  - processing route 1/10,    edge 22/28
10:17:18.101 INFO  - processing route 1/10,    edge 23/28
10:17:18.101 INFO  - processing route 1/10,    edge 24/28
10:17:18.101 INFO  - processing route 1/10,    edge 25/28
10:17:18.102 INFO  - processing route 1/10,    edge 26/28
10:17:18.102 INFO  - processing route 1/10,    edge 27/28
10:17:18.102 INFO  - processing route 1/10,    edge 28/28
10:17:18.102 INFO  - processing route 2/10,    
10:17:18.102 INFO  - processing route 2/10,    edge 1/26
10:17:18.102 INFO  - processing route 2/10,    edge 2/26
10:17:18.103 INFO  - processing route 2/10,    edge 3/26
10:17:18.103 INFO  - processing route 2/10,    edge 4/26
10:17:18.103 INFO  - processing route 2/10,    edge 5/26
10:17:18.103 INFO  - processing route 2/10,    edge 6/26
10:17:18.103 INFO  - processing route 2/10,    edge 7/26
10:17:18.103 INFO  - processing route 2/10,    edge 8/26
10:17:18.103 INFO  - processing route 2/10,    edge 9/26
10:17:18.103 INFO  - processing route 2/10,    edge 10/26
10:17:18.103 INFO  - processing route 2/10,    edge 11/26
10:17:18.103 INFO  - processing route 2/10,    edge 12/26
10:17:18.103 INFO  - processing route 2/10,    edge 13/26
10:17:18.103 INFO  - processing route 2/10,    edge 14/26
10:17:18.104 INFO  - processing route 2/10,    edge 15/26
10:17:18.104 INFO  - processing route 2/10,    edge 16/26
10:17:18.104 INFO  - processing route 2/10,    edge 17/26
10:17:18.104 INFO  - processing route 2/10,    edge 18/26
10:17:18.104 INFO  - processing route 2/10,    edge 19/26
10:17:18.104 INFO  - processing route 2/10,    edge 20/26
10:17:18.104 INFO  - processing route 2/10,    edge 21/26
10:17:18.104 INFO  - processing route 2/10,    edge 22/26
10:17:18.104 INFO  - processing route 2/10,    edge 23/26
10:17:18.104 INFO  - processing route 2/10,    edge 24/26
10:17:18.104 INFO  - processing route 2/10,    edge 25/26
10:17:18.104 INFO  - processing route 2/10,    edge 26/26
10:17:18.105 INFO  - processing route 3/10,    
10:17:18.105 INFO  - processing route 3/10,    edge 1/97
10:17:18.106 INFO  - processing route 3/10,    edge 2/97
10:17:18.106 INFO  - processing route 3/10,    edge 3/97
10:17:18.106 INFO  - processing route 3/10,    edge 4/97
10:17:18.106 INFO  - processing route 3/10,    edge 5/97
10:17:18.106 INFO  - processing route 3/10,    edge 6/97
10:17:18.106 INFO  - processing route 3/10,    edge 7/97
10:17:18.106 INFO  - processing route 3/10,    edge 8/97
10:17:18.106 INFO  - processing route 3/10,    edge 9/97
10:17:18.106 INFO  - processing route 3/10,    edge 10/97
10:17:18.106 INFO  - processing route 3/10,    edge 11/97
10:17:18.107 INFO  - processing route 3/10,    edge 12/97
10:17:18.107 INFO  - processing route 3/10,    edge 13/97
10:17:18.107 INFO  - processing route 3/10,    edge 14/97
10:17:18.107 INFO  - processing route 3/10,    edge 15/97
10:17:18.107 INFO  - processing route 3/10,    edge 16/97
10:17:18.107 INFO  - processing route 3/10,    edge 17/97
10:17:18.107 INFO  - processing route 3/10,    edge 18/97
10:17:18.107 INFO  - processing route 3/10,    edge 19/97
10:17:18.107 INFO  - processing route 3/10,    edge 20/97
10:17:18.107 INFO  - processing route 3/10,    edge 21/97
10:17:18.107 INFO  - processing route 3/10,    edge 22/97
10:17:18.107 INFO  - processing route 3/10,    edge 23/97
10:17:18.108 INFO  - processing route 3/10,    edge 24/97
10:17:18.108 INFO  - processing route 3/10,    edge 25/97
10:17:18.108 INFO  - processing route 3/10,    edge 26/97
10:17:18.108 INFO  - processing route 3/10,    edge 27/97
10:17:18.108 INFO  - processing route 3/10,    edge 28/97
10:17:18.108 INFO  - processing route 3/10,    edge 29/97
10:17:18.108 INFO  - processing route 3/10,    edge 30/97
10:17:18.108 INFO  - processing route 3/10,    edge 31/97
10:17:18.108 INFO  - processing route 3/10,    edge 32/97
10:17:18.108 INFO  - processing route 3/10,    edge 33/97
10:17:18.108 INFO  - processing route 3/10,    edge 34/97
10:17:18.109 INFO  - processing route 3/10,    edge 35/97
10:17:18.109 INFO  - processing route 3/10,    edge 36/97
10:17:18.109 INFO  - processing route 3/10,    edge 37/97
10:17:18.109 INFO  - processing route 3/10,    edge 38/97
10:17:18.109 INFO  - processing route 3/10,    edge 39/97
10:17:18.109 INFO  - processing route 3/10,    edge 40/97
10:17:18.109 INFO  - processing route 3/10,    edge 41/97
10:17:18.109 INFO  - processing route 3/10,    edge 42/97
10:17:18.110 INFO  - processing route 3/10,    edge 43/97
10:17:18.110 INFO  - processing route 3/10,    edge 44/97
10:17:18.110 INFO  - processing route 3/10,    edge 45/97
10:17:18.110 INFO  - processing route 3/10,    edge 46/97
10:17:18.110 INFO  - processing route 3/10,    edge 47/97
10:17:18.110 INFO  - processing route 3/10,    edge 48/97
10:17:18.110 INFO  - processing route 3/10,    edge 49/97
10:17:18.110 INFO  - processing route 3/10,    edge 50/97
10:17:18.111 INFO  - processing route 3/10,    edge 51/97
10:17:18.111 INFO  - processing route 3/10,    edge 52/97
10:17:18.111 INFO  - processing route 3/10,    edge 53/97
10:17:18.111 INFO  - processing route 3/10,    edge 54/97
10:17:18.111 INFO  - processing route 3/10,    edge 55/97
10:17:18.111 INFO  - processing route 3/10,    edge 56/97
10:17:18.111 INFO  - processing route 3/10,    edge 57/97
10:17:18.111 INFO  - processing route 3/10,    edge 58/97
10:17:18.111 INFO  - processing route 3/10,    edge 59/97
10:17:18.112 INFO  - processing route 3/10,    edge 60/97
10:17:18.112 INFO  - processing route 3/10,    edge 61/97
10:17:18.112 INFO  - processing route 3/10,    edge 62/97
10:17:18.112 INFO  - processing route 3/10,    edge 63/97
10:17:18.112 INFO  - processing route 3/10,    edge 64/97
10:17:18.112 INFO  - processing route 3/10,    edge 65/97
10:17:18.112 INFO  - processing route 3/10,    edge 66/97
10:17:18.112 INFO  - processing route 3/10,    edge 67/97
10:17:18.112 INFO  - processing route 3/10,    edge 68/97
10:17:18.113 INFO  - processing route 3/10,    edge 69/97
10:17:18.113 INFO  - processing route 3/10,    edge 70/97
10:17:18.113 INFO  - processing route 3/10,    edge 71/97
10:17:18.113 INFO  - processing route 3/10,    edge 72/97
10:17:18.113 INFO  - processing route 3/10,    edge 73/97
10:17:18.113 INFO  - processing route 3/10,    edge 74/97
10:17:18.113 INFO  - processing route 3/10,    edge 75/97
10:17:18.113 INFO  - processing route 3/10,    edge 76/97
10:17:18.113 INFO  - processing route 3/10,    edge 77/97
10:17:18.113 INFO  - processing route 3/10,    edge 78/97
10:17:18.114 INFO  - processing route 3/10,    edge 79/97
10:17:18.114 INFO  - processing route 3/10,    edge 80/97
10:17:18.114 INFO  - processing route 3/10,    edge 81/97
10:17:18.114 INFO  - processing route 3/10,    edge 82/97
10:17:18.114 INFO  - processing route 3/10,    edge 83/97
10:17:18.114 INFO  - processing route 3/10,    edge 84/97
10:17:18.114 INFO  - processing route 3/10,    edge 85/97
10:17:18.114 INFO  - processing route 3/10,    edge 86/97
10:17:18.115 INFO  - processing route 3/10,    edge 87/97
10:17:18.115 INFO  - processing route 3/10,    edge 88/97
10:17:18.115 INFO  - processing route 3/10,    edge 89/97
10:17:18.115 INFO  - processing route 3/10,    edge 90/97
10:17:18.115 INFO  - processing route 3/10,    edge 91/97
10:17:18.115 INFO  - processing route 3/10,    edge 92/97
10:17:18.116 INFO  - processing route 3/10,    edge 93/97
10:17:18.116 INFO  - processing route 3/10,    edge 94/97
10:17:18.116 INFO  - processing route 3/10,    edge 95/97
10:17:18.116 INFO  - processing route 3/10,    edge 96/97
10:17:18.116 INFO  - processing route 3/10,    edge 97/97
10:17:18.116 INFO  - processing route 4/10,    
10:17:18.117 INFO  - processing route 4/10,    edge 1/69
10:17:18.117 INFO  - processing route 4/10,    edge 2/69
10:17:18.117 INFO  - processing route 4/10,    edge 3/69
10:17:18.117 INFO  - processing route 4/10,    edge 4/69
10:17:18.117 INFO  - processing route 4/10,    edge 5/69
10:17:18.117 INFO  - processing route 4/10,    edge 6/69
10:17:18.117 INFO  - processing route 4/10,    edge 7/69
10:17:18.117 INFO  - processing route 4/10,    edge 8/69
10:17:18.118 INFO  - processing route 4/10,    edge 9/69
10:17:18.118 INFO  - processing route 4/10,    edge 10/69
10:17:18.118 INFO  - processing route 4/10,    edge 11/69
10:17:18.118 INFO  - processing route 4/10,    edge 12/69
10:17:18.118 INFO  - processing route 4/10,    edge 13/69
10:17:18.118 INFO  - processing route 4/10,    edge 14/69
10:17:18.118 INFO  - processing route 4/10,    edge 15/69
10:17:18.118 INFO  - processing route 4/10,    edge 16/69
10:17:18.118 INFO  - processing route 4/10,    edge 17/69
10:17:18.118 INFO  - processing route 4/10,    edge 18/69
10:17:18.118 INFO  - processing route 4/10,    edge 19/69
10:17:18.118 INFO  - processing route 4/10,    edge 20/69
10:17:18.119 INFO  - processing route 4/10,    edge 21/69
10:17:18.119 INFO  - processing route 4/10,    edge 22/69
10:17:18.119 INFO  - processing route 4/10,    edge 23/69
10:17:18.119 INFO  - processing route 4/10,    edge 24/69
10:17:18.119 INFO  - processing route 4/10,    edge 25/69
10:17:18.119 INFO  - processing route 4/10,    edge 26/69
10:17:18.119 INFO  - processing route 4/10,    edge 27/69
10:17:18.119 INFO  - processing route 4/10,    edge 28/69
10:17:18.120 INFO  - processing route 4/10,    edge 29/69
10:17:18.120 INFO  - processing route 4/10,    edge 30/69
10:17:18.120 INFO  - processing route 4/10,    edge 31/69
10:17:18.120 INFO  - processing route 4/10,    edge 32/69
10:17:18.120 INFO  - processing route 4/10,    edge 33/69
10:17:18.121 INFO  - processing route 4/10,    edge 34/69
10:17:18.121 INFO  - processing route 4/10,    edge 35/69
10:17:18.121 INFO  - processing route 4/10,    edge 36/69
10:17:18.121 INFO  - processing route 4/10,    edge 37/69
10:17:18.121 INFO  - processing route 4/10,    edge 38/69
10:17:18.121 INFO  - processing route 4/10,    edge 39/69
10:17:18.121 INFO  - processing route 4/10,    edge 40/69
10:17:18.121 INFO  - processing route 4/10,    edge 41/69
10:17:18.121 INFO  - processing route 4/10,    edge 42/69
10:17:18.121 INFO  - processing route 4/10,    edge 43/69
10:17:18.121 INFO  - processing route 4/10,    edge 44/69
10:17:18.121 INFO  - processing route 4/10,    edge 45/69
10:17:18.121 INFO  - processing route 4/10,    edge 46/69
10:17:18.121 INFO  - processing route 4/10,    edge 47/69
10:17:18.122 INFO  - processing route 4/10,    edge 48/69
10:17:18.122 INFO  - processing route 4/10,    edge 49/69
10:17:18.122 INFO  - processing route 4/10,    edge 50/69
10:17:18.122 INFO  - processing route 4/10,    edge 51/69
10:17:18.122 INFO  - processing route 4/10,    edge 52/69
10:17:18.122 INFO  - processing route 4/10,    edge 53/69
10:17:18.122 INFO  - processing route 4/10,    edge 54/69
10:17:18.122 INFO  - processing route 4/10,    edge 55/69
10:17:18.122 INFO  - processing route 4/10,    edge 56/69
10:17:18.122 INFO  - processing route 4/10,    edge 57/69
10:17:18.122 INFO  - processing route 4/10,    edge 58/69
10:17:18.122 INFO  - processing route 4/10,    edge 59/69
10:17:18.122 INFO  - processing route 4/10,    edge 60/69
10:17:18.123 INFO  - processing route 4/10,    edge 61/69
10:17:18.123 INFO  - processing route 4/10,    edge 62/69
10:17:18.123 INFO  - processing route 4/10,    edge 63/69
10:17:18.123 INFO  - processing route 4/10,    edge 64/69
10:17:18.123 INFO  - processing route 4/10,    edge 65/69
10:17:18.123 INFO  - processing route 4/10,    edge 66/69
10:17:18.123 INFO  - processing route 4/10,    edge 67/69
10:17:18.123 INFO  - processing route 4/10,    edge 68/69
10:17:18.123 INFO  - processing route 4/10,    edge 69/69
10:17:18.123 INFO  - processing route 5/10,    
10:17:18.124 INFO  - processing route 5/10,    edge 1/86
10:17:18.124 INFO  - processing route 5/10,    edge 2/86
10:17:18.124 INFO  - processing route 5/10,    edge 3/86
10:17:18.124 INFO  - processing route 5/10,    edge 4/86
10:17:18.124 INFO  - processing route 5/10,    edge 5/86
10:17:18.124 INFO  - processing route 5/10,    edge 6/86
10:17:18.124 INFO  - processing route 5/10,    edge 7/86
10:17:18.124 INFO  - processing route 5/10,    edge 8/86
10:17:18.124 INFO  - processing route 5/10,    edge 9/86
10:17:18.124 INFO  - processing route 5/10,    edge 10/86
10:17:18.124 INFO  - processing route 5/10,    edge 11/86
10:17:18.125 INFO  - processing route 5/10,    edge 12/86
10:17:18.125 INFO  - processing route 5/10,    edge 13/86
10:17:18.125 INFO  - processing route 5/10,    edge 14/86
10:17:18.125 INFO  - processing route 5/10,    edge 15/86
10:17:18.125 INFO  - processing route 5/10,    edge 16/86
10:17:18.125 INFO  - processing route 5/10,    edge 17/86
10:17:18.125 INFO  - processing route 5/10,    edge 18/86
10:17:18.125 INFO  - processing route 5/10,    edge 19/86
10:17:18.125 INFO  - processing route 5/10,    edge 20/86
10:17:18.125 INFO  - processing route 5/10,    edge 21/86
10:17:18.125 INFO  - processing route 5/10,    edge 22/86
10:17:18.126 INFO  - processing route 5/10,    edge 23/86
10:17:18.126 INFO  - processing route 5/10,    edge 24/86
10:17:18.126 INFO  - processing route 5/10,    edge 25/86
10:17:18.126 INFO  - processing route 5/10,    edge 26/86
10:17:18.126 INFO  - processing route 5/10,    edge 27/86
10:17:18.127 INFO  - processing route 5/10,    edge 28/86
10:17:18.127 INFO  - processing route 5/10,    edge 29/86
10:17:18.127 INFO  - processing route 5/10,    edge 30/86
10:17:18.127 INFO  - processing route 5/10,    edge 31/86
10:17:18.127 INFO  - processing route 5/10,    edge 32/86
10:17:18.127 INFO  - processing route 5/10,    edge 33/86
10:17:18.127 INFO  - processing route 5/10,    edge 34/86
10:17:18.128 INFO  - processing route 5/10,    edge 35/86
10:17:18.128 INFO  - processing route 5/10,    edge 36/86
10:17:18.128 INFO  - processing route 5/10,    edge 37/86
10:17:18.128 INFO  - processing route 5/10,    edge 38/86
10:17:18.128 INFO  - processing route 5/10,    edge 39/86
10:17:18.128 INFO  - processing route 5/10,    edge 40/86
10:17:18.128 INFO  - processing route 5/10,    edge 41/86
10:17:18.128 INFO  - processing route 5/10,    edge 42/86
10:17:18.129 INFO  - processing route 5/10,    edge 43/86
10:17:18.129 INFO  - processing route 5/10,    edge 44/86
10:17:18.129 INFO  - processing route 5/10,    edge 45/86
10:17:18.129 INFO  - processing route 5/10,    edge 46/86
10:17:18.129 INFO  - processing route 5/10,    edge 47/86
10:17:18.129 INFO  - processing route 5/10,    edge 48/86
10:17:18.129 INFO  - processing route 5/10,    edge 49/86
10:17:18.129 INFO  - processing route 5/10,    edge 50/86
10:17:18.129 INFO  - processing route 5/10,    edge 51/86
10:17:18.130 INFO  - processing route 5/10,    edge 52/86
10:17:18.130 INFO  - processing route 5/10,    edge 53/86
10:17:18.130 INFO  - processing route 5/10,    edge 54/86
10:17:18.130 INFO  - processing route 5/10,    edge 55/86
10:17:18.130 INFO  - processing route 5/10,    edge 56/86
10:17:18.130 INFO  - processing route 5/10,    edge 57/86
10:17:18.130 INFO  - processing route 5/10,    edge 58/86
10:17:18.130 INFO  - processing route 5/10,    edge 59/86
10:17:18.130 INFO  - processing route 5/10,    edge 60/86
10:17:18.130 INFO  - processing route 5/10,    edge 61/86
10:17:18.130 INFO  - processing route 5/10,    edge 62/86
10:17:18.130 INFO  - processing route 5/10,    edge 63/86
10:17:18.130 INFO  - processing route 5/10,    edge 64/86
10:17:18.130 INFO  - processing route 5/10,    edge 65/86
10:17:18.130 INFO  - processing route 5/10,    edge 66/86
10:17:18.130 INFO  - processing route 5/10,    edge 67/86
10:17:18.131 INFO  - processing route 5/10,    edge 68/86
10:17:18.131 INFO  - processing route 5/10,    edge 69/86
10:17:18.131 INFO  - processing route 5/10,    edge 70/86
10:17:18.131 INFO  - processing route 5/10,    edge 71/86
10:17:18.131 INFO  - processing route 5/10,    edge 72/86
10:17:18.131 INFO  - processing route 5/10,    edge 73/86
10:17:18.131 INFO  - processing route 5/10,    edge 74/86
10:17:18.131 INFO  - processing route 5/10,    edge 75/86
10:17:18.131 INFO  - processing route 5/10,    edge 76/86
10:17:18.131 INFO  - processing route 5/10,    edge 77/86
10:17:18.131 INFO  - processing route 5/10,    edge 78/86
10:17:18.131 INFO  - processing route 5/10,    edge 79/86
10:17:18.131 INFO  - processing route 5/10,    edge 80/86
10:17:18.131 INFO  - processing route 5/10,    edge 81/86
10:17:18.131 INFO  - processing route 5/10,    edge 82/86
10:17:18.131 INFO  - processing route 5/10,    edge 83/86
10:17:18.132 INFO  - processing route 5/10,    edge 84/86
10:17:18.132 INFO  - processing route 5/10,    edge 85/86
10:17:18.132 INFO  - processing route 5/10,    edge 86/86
10:17:18.132 INFO  - processing route 6/10,    
10:17:18.132 INFO  - processing route 6/10,    edge 1/20
10:17:18.132 INFO  - processing route 6/10,    edge 2/20
10:17:18.132 INFO  - processing route 6/10,    edge 3/20
10:17:18.132 INFO  - processing route 6/10,    edge 4/20
10:17:18.132 INFO  - processing route 6/10,    edge 5/20
10:17:18.132 INFO  - processing route 6/10,    edge 6/20
10:17:18.132 INFO  - processing route 6/10,    edge 7/20
10:17:18.132 INFO  - processing route 6/10,    edge 8/20
10:17:18.133 INFO  - processing route 6/10,    edge 9/20
10:17:18.133 INFO  - processing route 6/10,    edge 10/20
10:17:18.133 INFO  - processing route 6/10,    edge 11/20
10:17:18.133 INFO  - processing route 6/10,    edge 12/20
10:17:18.133 INFO  - processing route 6/10,    edge 13/20
10:17:18.133 INFO  - processing route 6/10,    edge 14/20
10:17:18.133 INFO  - processing route 6/10,    edge 15/20
10:17:18.133 INFO  - processing route 6/10,    edge 16/20
10:17:18.133 INFO  - processing route 6/10,    edge 17/20
10:17:18.133 INFO  - processing route 6/10,    edge 18/20
10:17:18.133 INFO  - processing route 6/10,    edge 19/20
10:17:18.133 INFO  - processing route 6/10,    edge 20/20
10:17:18.133 INFO  - processing route 7/10,    
10:17:18.134 INFO  - processing route 7/10,    edge 1/52
10:17:18.134 INFO  - processing route 7/10,    edge 2/52
10:17:18.134 INFO  - processing route 7/10,    edge 3/52
10:17:18.134 INFO  - processing route 7/10,    edge 4/52
10:17:18.134 INFO  - processing route 7/10,    edge 5/52
10:17:18.134 INFO  - processing route 7/10,    edge 6/52
10:17:18.134 INFO  - processing route 7/10,    edge 7/52
10:17:18.134 INFO  - processing route 7/10,    edge 8/52
10:17:18.134 INFO  - processing route 7/10,    edge 9/52
10:17:18.134 INFO  - processing route 7/10,    edge 10/52
10:17:18.134 INFO  - processing route 7/10,    edge 11/52
10:17:18.134 INFO  - processing route 7/10,    edge 12/52
10:17:18.134 INFO  - processing route 7/10,    edge 13/52
10:17:18.134 INFO  - processing route 7/10,    edge 14/52
10:17:18.134 INFO  - processing route 7/10,    edge 15/52
10:17:18.134 INFO  - processing route 7/10,    edge 16/52
10:17:18.134 INFO  - processing route 7/10,    edge 17/52
10:17:18.134 INFO  - processing route 7/10,    edge 18/52
10:17:18.134 INFO  - processing route 7/10,    edge 19/52
10:17:18.135 INFO  - processing route 7/10,    edge 20/52
10:17:18.135 INFO  - processing route 7/10,    edge 21/52
10:17:18.135 INFO  - processing route 7/10,    edge 22/52
10:17:18.135 INFO  - processing route 7/10,    edge 23/52
10:17:18.135 INFO  - processing route 7/10,    edge 24/52
10:17:18.135 INFO  - processing route 7/10,    edge 25/52
10:17:18.135 INFO  - processing route 7/10,    edge 26/52
10:17:18.135 INFO  - processing route 7/10,    edge 27/52
10:17:18.135 INFO  - processing route 7/10,    edge 28/52
10:17:18.135 INFO  - processing route 7/10,    edge 29/52
10:17:18.135 INFO  - processing route 7/10,    edge 30/52
10:17:18.135 INFO  - processing route 7/10,    edge 31/52
10:17:18.135 INFO  - processing route 7/10,    edge 32/52
10:17:18.135 INFO  - processing route 7/10,    edge 33/52
10:17:18.135 INFO  - processing route 7/10,    edge 34/52
10:17:18.135 INFO  - processing route 7/10,    edge 35/52
10:17:18.135 INFO  - processing route 7/10,    edge 36/52
10:17:18.136 INFO  - processing route 7/10,    edge 37/52
10:17:18.136 INFO  - processing route 7/10,    edge 38/52
10:17:18.136 INFO  - processing route 7/10,    edge 39/52
10:17:18.136 INFO  - processing route 7/10,    edge 40/52
10:17:18.136 INFO  - processing route 7/10,    edge 41/52
10:17:18.136 INFO  - processing route 7/10,    edge 42/52
10:17:18.136 INFO  - processing route 7/10,    edge 43/52
10:17:18.136 INFO  - processing route 7/10,    edge 44/52
10:17:18.136 INFO  - processing route 7/10,    edge 45/52
10:17:18.136 INFO  - processing route 7/10,    edge 46/52
10:17:18.136 INFO  - processing route 7/10,    edge 47/52
10:17:18.136 INFO  - processing route 7/10,    edge 48/52
10:17:18.136 INFO  - processing route 7/10,    edge 49/52
10:17:18.136 INFO  - processing route 7/10,    edge 50/52
10:17:18.136 INFO  - processing route 7/10,    edge 51/52
10:17:18.136 INFO  - processing route 7/10,    edge 52/52
10:17:18.137 INFO  - processing route 8/10,    
10:17:18.137 INFO  - processing route 8/10,    edge 1/86
10:17:18.137 INFO  - processing route 8/10,    edge 2/86
10:17:18.137 INFO  - processing route 8/10,    edge 3/86
10:17:18.137 INFO  - processing route 8/10,    edge 4/86
10:17:18.137 INFO  - processing route 8/10,    edge 5/86
10:17:18.137 INFO  - processing route 8/10,    edge 6/86
10:17:18.137 INFO  - processing route 8/10,    edge 7/86
10:17:18.137 INFO  - processing route 8/10,    edge 8/86
10:17:18.137 INFO  - processing route 8/10,    edge 9/86
10:17:18.137 INFO  - processing route 8/10,    edge 10/86
10:17:18.137 INFO  - processing route 8/10,    edge 11/86
10:17:18.137 INFO  - processing route 8/10,    edge 12/86
10:17:18.138 INFO  - processing route 8/10,    edge 13/86
10:17:18.138 INFO  - processing route 8/10,    edge 14/86
10:17:18.138 INFO  - processing route 8/10,    edge 15/86
10:17:18.138 INFO  - processing route 8/10,    edge 16/86
10:17:18.138 INFO  - processing route 8/10,    edge 17/86
10:17:18.138 INFO  - processing route 8/10,    edge 18/86
10:17:18.138 INFO  - processing route 8/10,    edge 19/86
10:17:18.138 INFO  - processing route 8/10,    edge 20/86
10:17:18.138 INFO  - processing route 8/10,    edge 21/86
10:17:18.138 INFO  - processing route 8/10,    edge 22/86
10:17:18.138 INFO  - processing route 8/10,    edge 23/86
10:17:18.138 INFO  - processing route 8/10,    edge 24/86
10:17:18.138 INFO  - processing route 8/10,    edge 25/86
10:17:18.138 INFO  - processing route 8/10,    edge 26/86
10:17:18.138 INFO  - processing route 8/10,    edge 27/86
10:17:18.138 INFO  - processing route 8/10,    edge 28/86
10:17:18.138 INFO  - processing route 8/10,    edge 29/86
10:17:18.138 INFO  - processing route 8/10,    edge 30/86
10:17:18.138 INFO  - processing route 8/10,    edge 31/86
10:17:18.138 INFO  - processing route 8/10,    edge 32/86
10:17:18.138 INFO  - processing route 8/10,    edge 33/86
10:17:18.139 INFO  - processing route 8/10,    edge 34/86
10:17:18.139 INFO  - processing route 8/10,    edge 35/86
10:17:18.139 INFO  - processing route 8/10,    edge 36/86
10:17:18.139 INFO  - processing route 8/10,    edge 37/86
10:17:18.139 INFO  - processing route 8/10,    edge 38/86
10:17:18.139 INFO  - processing route 8/10,    edge 39/86
10:17:18.139 INFO  - processing route 8/10,    edge 40/86
10:17:18.139 INFO  - processing route 8/10,    edge 41/86
10:17:18.139 INFO  - processing route 8/10,    edge 42/86
10:17:18.139 INFO  - processing route 8/10,    edge 43/86
10:17:18.139 INFO  - processing route 8/10,    edge 44/86
10:17:18.139 INFO  - processing route 8/10,    edge 45/86
10:17:18.139 INFO  - processing route 8/10,    edge 46/86
10:17:18.139 INFO  - processing route 8/10,    edge 47/86
10:17:18.139 INFO  - processing route 8/10,    edge 48/86
10:17:18.139 INFO  - processing route 8/10,    edge 49/86
10:17:18.139 INFO  - processing route 8/10,    edge 50/86
10:17:18.139 INFO  - processing route 8/10,    edge 51/86
10:17:18.139 INFO  - processing route 8/10,    edge 52/86
10:17:18.139 INFO  - processing route 8/10,    edge 53/86
10:17:18.139 INFO  - processing route 8/10,    edge 54/86
10:17:18.139 INFO  - processing route 8/10,    edge 55/86
10:17:18.140 INFO  - processing route 8/10,    edge 56/86
10:17:18.140 INFO  - processing route 8/10,    edge 57/86
10:17:18.140 INFO  - processing route 8/10,    edge 58/86
10:17:18.140 INFO  - processing route 8/10,    edge 59/86
10:17:18.140 INFO  - processing route 8/10,    edge 60/86
10:17:18.140 INFO  - processing route 8/10,    edge 61/86
10:17:18.140 INFO  - processing route 8/10,    edge 62/86
10:17:18.140 INFO  - processing route 8/10,    edge 63/86
10:17:18.140 INFO  - processing route 8/10,    edge 64/86
10:17:18.140 INFO  - processing route 8/10,    edge 65/86
10:17:18.140 INFO  - processing route 8/10,    edge 66/86
10:17:18.140 INFO  - processing route 8/10,    edge 67/86
10:17:18.140 INFO  - processing route 8/10,    edge 68/86
10:17:18.140 INFO  - processing route 8/10,    edge 69/86
10:17:18.140 INFO  - processing route 8/10,    edge 70/86
10:17:18.140 INFO  - processing route 8/10,    edge 71/86
10:17:18.140 INFO  - processing route 8/10,    edge 72/86
10:17:18.140 INFO  - processing route 8/10,    edge 73/86
10:17:18.140 INFO  - processing route 8/10,    edge 74/86
10:17:18.140 INFO  - processing route 8/10,    edge 75/86
10:17:18.140 INFO  - processing route 8/10,    edge 76/86
10:17:18.140 INFO  - processing route 8/10,    edge 77/86
10:17:18.140 INFO  - processing route 8/10,    edge 78/86
10:17:18.141 INFO  - processing route 8/10,    edge 79/86
10:17:18.141 INFO  - processing route 8/10,    edge 80/86
10:17:18.141 INFO  - processing route 8/10,    edge 81/86
10:17:18.141 INFO  - processing route 8/10,    edge 82/86
10:17:18.141 INFO  - processing route 8/10,    edge 83/86
10:17:18.141 INFO  - processing route 8/10,    edge 84/86
10:17:18.141 INFO  - processing route 8/10,    edge 85/86
10:17:18.141 INFO  - processing route 8/10,    edge 86/86
10:17:18.141 INFO  - processing route 9/10,    
10:17:18.141 INFO  - processing route 9/10,    edge 1/95
10:17:18.141 INFO  - processing route 9/10,    edge 2/95
10:17:18.141 INFO  - processing route 9/10,    edge 3/95
10:17:18.142 INFO  - processing route 9/10,    edge 4/95
10:17:18.142 INFO  - processing route 9/10,    edge 5/95
10:17:18.142 INFO  - processing route 9/10,    edge 6/95
10:17:18.142 INFO  - processing route 9/10,    edge 7/95
10:17:18.142 INFO  - processing route 9/10,    edge 8/95
10:17:18.142 INFO  - processing route 9/10,    edge 9/95
10:17:18.142 INFO  - processing route 9/10,    edge 10/95
10:17:18.142 INFO  - processing route 9/10,    edge 11/95
10:17:18.142 INFO  - processing route 9/10,    edge 12/95
10:17:18.142 INFO  - processing route 9/10,    edge 13/95
10:17:18.142 INFO  - processing route 9/10,    edge 14/95
10:17:18.142 INFO  - processing route 9/10,    edge 15/95
10:17:18.142 INFO  - processing route 9/10,    edge 16/95
10:17:18.142 INFO  - processing route 9/10,    edge 17/95
10:17:18.142 INFO  - processing route 9/10,    edge 18/95
10:17:18.142 INFO  - processing route 9/10,    edge 19/95
10:17:18.142 INFO  - processing route 9/10,    edge 20/95
10:17:18.142 INFO  - processing route 9/10,    edge 21/95
10:17:18.142 INFO  - processing route 9/10,    edge 22/95
10:17:18.142 INFO  - processing route 9/10,    edge 23/95
10:17:18.142 INFO  - processing route 9/10,    edge 24/95
10:17:18.142 INFO  - processing route 9/10,    edge 25/95
10:17:18.142 INFO  - processing route 9/10,    edge 26/95
10:17:18.143 INFO  - processing route 9/10,    edge 27/95
10:17:18.143 INFO  - processing route 9/10,    edge 28/95
10:17:18.143 INFO  - processing route 9/10,    edge 29/95
10:17:18.143 INFO  - processing route 9/10,    edge 30/95
10:17:18.143 INFO  - processing route 9/10,    edge 31/95
10:17:18.143 INFO  - processing route 9/10,    edge 32/95
10:17:18.143 INFO  - processing route 9/10,    edge 33/95
10:17:18.143 INFO  - processing route 9/10,    edge 34/95
10:17:18.143 INFO  - processing route 9/10,    edge 35/95
10:17:18.143 INFO  - processing route 9/10,    edge 36/95
10:17:18.143 INFO  - processing route 9/10,    edge 37/95
10:17:18.143 INFO  - processing route 9/10,    edge 38/95
10:17:18.143 INFO  - processing route 9/10,    edge 39/95
10:17:18.143 INFO  - processing route 9/10,    edge 40/95
10:17:18.143 INFO  - processing route 9/10,    edge 41/95
10:17:18.143 INFO  - processing route 9/10,    edge 42/95
10:17:18.143 INFO  - processing route 9/10,    edge 43/95
10:17:18.143 INFO  - processing route 9/10,    edge 44/95
10:17:18.143 INFO  - processing route 9/10,    edge 45/95
10:17:18.144 INFO  - processing route 9/10,    edge 46/95
10:17:18.144 INFO  - processing route 9/10,    edge 47/95
10:17:18.144 INFO  - processing route 9/10,    edge 48/95
10:17:18.144 INFO  - processing route 9/10,    edge 49/95
10:17:18.144 INFO  - processing route 9/10,    edge 50/95
10:17:18.144 INFO  - processing route 9/10,    edge 51/95
10:17:18.144 INFO  - processing route 9/10,    edge 52/95
10:17:18.144 INFO  - processing route 9/10,    edge 53/95
10:17:18.144 INFO  - processing route 9/10,    edge 54/95
10:17:18.144 INFO  - processing route 9/10,    edge 55/95
10:17:18.144 INFO  - processing route 9/10,    edge 56/95
10:17:18.144 INFO  - processing route 9/10,    edge 57/95
10:17:18.144 INFO  - processing route 9/10,    edge 58/95
10:17:18.145 INFO  - processing route 9/10,    edge 59/95
10:17:18.145 INFO  - processing route 9/10,    edge 60/95
10:17:18.145 INFO  - processing route 9/10,    edge 61/95
10:17:18.145 INFO  - processing route 9/10,    edge 62/95
10:17:18.145 INFO  - processing route 9/10,    edge 63/95
10:17:18.145 INFO  - processing route 9/10,    edge 64/95
10:17:18.145 INFO  - processing route 9/10,    edge 65/95
10:17:18.145 INFO  - processing route 9/10,    edge 66/95
10:17:18.145 INFO  - processing route 9/10,    edge 67/95
10:17:18.145 INFO  - processing route 9/10,    edge 68/95
10:17:18.145 INFO  - processing route 9/10,    edge 69/95
10:17:18.145 INFO  - processing route 9/10,    edge 70/95
10:17:18.145 INFO  - processing route 9/10,    edge 71/95
10:17:18.145 INFO  - processing route 9/10,    edge 72/95
10:17:18.145 INFO  - processing route 9/10,    edge 73/95
10:17:18.145 INFO  - processing route 9/10,    edge 74/95
10:17:18.145 INFO  - processing route 9/10,    edge 75/95
10:17:18.145 INFO  - processing route 9/10,    edge 76/95
10:17:18.145 INFO  - processing route 9/10,    edge 77/95
10:17:18.145 INFO  - processing route 9/10,    edge 78/95
10:17:18.145 INFO  - processing route 9/10,    edge 79/95
10:17:18.146 INFO  - processing route 9/10,    edge 80/95
10:17:18.146 INFO  - processing route 9/10,    edge 81/95
10:17:18.146 INFO  - processing route 9/10,    edge 82/95
10:17:18.146 INFO  - processing route 9/10,    edge 83/95
10:17:18.146 INFO  - processing route 9/10,    edge 84/95
10:17:18.146 INFO  - processing route 9/10,    edge 85/95
10:17:18.146 INFO  - processing route 9/10,    edge 86/95
10:17:18.146 INFO  - processing route 9/10,    edge 87/95
10:17:18.146 INFO  - processing route 9/10,    edge 88/95
10:17:18.146 INFO  - processing route 9/10,    edge 89/95
10:17:18.146 INFO  - processing route 9/10,    edge 90/95
10:17:18.146 INFO  - processing route 9/10,    edge 91/95
10:17:18.146 INFO  - processing route 9/10,    edge 92/95
10:17:18.146 INFO  - processing route 9/10,    edge 93/95
10:17:18.146 INFO  - processing route 9/10,    edge 94/95
10:17:18.146 INFO  - processing route 9/10,    edge 95/95
10:17:18.147 INFO  - processing route 10/10,    
10:17:18.147 INFO  - processing route 10/10,    edge 1/113
10:17:18.147 INFO  - processing route 10/10,    edge 2/113
10:17:18.147 INFO  - processing route 10/10,    edge 3/113
10:17:18.147 INFO  - processing route 10/10,    edge 4/113
10:17:18.147 INFO  - processing route 10/10,    edge 5/113
10:17:18.147 INFO  - processing route 10/10,    edge 6/113
10:17:18.147 INFO  - processing route 10/10,    edge 7/113
10:17:18.147 INFO  - processing route 10/10,    edge 8/113
10:17:18.147 INFO  - processing route 10/10,    edge 9/113
10:17:18.147 INFO  - processing route 10/10,    edge 10/113
10:17:18.148 INFO  - processing route 10/10,    edge 11/113
10:17:18.148 INFO  - processing route 10/10,    edge 12/113
10:17:18.148 INFO  - processing route 10/10,    edge 13/113
10:17:18.148 INFO  - processing route 10/10,    edge 14/113
10:17:18.148 INFO  - processing route 10/10,    edge 15/113
10:17:18.148 INFO  - processing route 10/10,    edge 16/113
10:17:18.148 INFO  - processing route 10/10,    edge 17/113
10:17:18.148 INFO  - processing route 10/10,    edge 18/113
10:17:18.148 INFO  - processing route 10/10,    edge 19/113
10:17:18.148 INFO  - processing route 10/10,    edge 20/113
10:17:18.148 INFO  - processing route 10/10,    edge 21/113
10:17:18.148 INFO  - processing route 10/10,    edge 22/113
10:17:18.148 INFO  - processing route 10/10,    edge 23/113
10:17:18.148 INFO  - processing route 10/10,    edge 24/113
10:17:18.148 INFO  - processing route 10/10,    edge 25/113
10:17:18.148 INFO  - processing route 10/10,    edge 26/113
10:17:18.148 INFO  - processing route 10/10,    edge 27/113
10:17:18.148 INFO  - processing route 10/10,    edge 28/113
10:17:18.148 INFO  - processing route 10/10,    edge 29/113
10:17:18.148 INFO  - processing route 10/10,    edge 30/113
10:17:18.148 INFO  - processing route 10/10,    edge 31/113
10:17:18.148 INFO  - processing route 10/10,    edge 32/113
10:17:18.148 INFO  - processing route 10/10,    edge 33/113
10:17:18.148 INFO  - processing route 10/10,    edge 34/113
10:17:18.148 INFO  - processing route 10/10,    edge 35/113
10:17:18.149 INFO  - processing route 10/10,    edge 36/113
10:17:18.149 INFO  - processing route 10/10,    edge 37/113
10:17:18.149 INFO  - processing route 10/10,    edge 38/113
10:17:18.149 INFO  - processing route 10/10,    edge 39/113
10:17:18.149 INFO  - processing route 10/10,    edge 40/113
10:17:18.149 INFO  - processing route 10/10,    edge 41/113
10:17:18.149 INFO  - processing route 10/10,    edge 42/113
10:17:18.149 INFO  - processing route 10/10,    edge 43/113
10:17:18.149 INFO  - processing route 10/10,    edge 44/113
10:17:18.149 INFO  - processing route 10/10,    edge 45/113
10:17:18.149 INFO  - processing route 10/10,    edge 46/113
10:17:18.149 INFO  - processing route 10/10,    edge 47/113
10:17:18.149 INFO  - processing route 10/10,    edge 48/113
10:17:18.149 INFO  - processing route 10/10,    edge 49/113
10:17:18.149 INFO  - processing route 10/10,    edge 50/113
10:17:18.149 INFO  - processing route 10/10,    edge 51/113
10:17:18.149 INFO  - processing route 10/10,    edge 52/113
10:17:18.149 INFO  - processing route 10/10,    edge 53/113
10:17:18.149 INFO  - processing route 10/10,    edge 54/113
10:17:18.149 INFO  - processing route 10/10,    edge 55/113
10:17:18.149 INFO  - processing route 10/10,    edge 56/113
10:17:18.149 INFO  - processing route 10/10,    edge 57/113
10:17:18.149 INFO  - processing route 10/10,    edge 58/113
10:17:18.150 INFO  - processing route 10/10,    edge 59/113
10:17:18.150 INFO  - processing route 10/10,    edge 60/113
10:17:18.150 INFO  - processing route 10/10,    edge 61/113
10:17:18.150 INFO  - processing route 10/10,    edge 62/113
10:17:18.150 INFO  - processing route 10/10,    edge 63/113
10:17:18.150 INFO  - processing route 10/10,    edge 64/113
10:17:18.150 INFO  - processing route 10/10,    edge 65/113
10:17:18.150 INFO  - processing route 10/10,    edge 66/113
10:17:18.150 INFO  - processing route 10/10,    edge 67/113
10:17:18.150 INFO  - processing route 10/10,    edge 68/113
10:17:18.150 INFO  - processing route 10/10,    edge 69/113
10:17:18.150 INFO  - processing route 10/10,    edge 70/113
10:17:18.150 INFO  - processing route 10/10,    edge 71/113
10:17:18.150 INFO  - processing route 10/10,    edge 72/113
10:17:18.150 INFO  - processing route 10/10,    edge 73/113
10:17:18.150 INFO  - processing route 10/10,    edge 74/113
10:17:18.150 INFO  - processing route 10/10,    edge 75/113
10:17:18.150 INFO  - processing route 10/10,    edge 76/113
10:17:18.150 INFO  - processing route 10/10,    edge 77/113
10:17:18.150 INFO  - processing route 10/10,    edge 78/113
10:17:18.150 INFO  - processing route 10/10,    edge 79/113
10:17:18.150 INFO  - processing route 10/10,    edge 80/113
10:17:18.150 INFO  - processing route 10/10,    edge 81/113
10:17:18.150 INFO  - processing route 10/10,    edge 82/113
10:17:18.150 INFO  - processing route 10/10,    edge 83/113
10:17:18.151 INFO  - processing route 10/10,    edge 84/113
10:17:18.151 INFO  - processing route 10/10,    edge 85/113
10:17:18.151 INFO  - processing route 10/10,    edge 86/113
10:17:18.151 INFO  - processing route 10/10,    edge 87/113
10:17:18.151 INFO  - processing route 10/10,    edge 88/113
10:17:18.151 INFO  - processing route 10/10,    edge 89/113
10:17:18.151 INFO  - processing route 10/10,    edge 90/113
10:17:18.151 INFO  - processing route 10/10,    edge 91/113
10:17:18.151 INFO  - processing route 10/10,    edge 92/113
10:17:18.151 INFO  - processing route 10/10,    edge 93/113
10:17:18.151 INFO  - processing route 10/10,    edge 94/113
10:17:18.151 INFO  - processing route 10/10,    edge 95/113
10:17:18.151 INFO  - processing route 10/10,    edge 96/113
10:17:18.151 INFO  - processing route 10/10,    edge 97/113
10:17:18.151 INFO  - processing route 10/10,    edge 98/113
10:17:18.151 INFO  - processing route 10/10,    edge 99/113
10:17:18.151 INFO  - processing route 10/10,    edge 100/113
10:17:18.151 INFO  - processing route 10/10,    edge 101/113
10:17:18.151 INFO  - processing route 10/10,    edge 102/113
10:17:18.151 INFO  - processing route 10/10,    edge 103/113
10:17:18.151 INFO  - processing route 10/10,    edge 104/113
10:17:18.151 INFO  - processing route 10/10,    edge 105/113
10:17:18.151 INFO  - processing route 10/10,    edge 106/113
10:17:18.151 INFO  - processing route 10/10,    edge 107/113
10:17:18.151 INFO  - processing route 10/10,    edge 108/113
10:17:18.151 INFO  - processing route 10/10,    edge 109/113
10:17:18.151 INFO  - processing route 10/10,    edge 110/113
10:17:18.151 INFO  - processing route 10/10,    edge 111/113
10:17:18.151 INFO  - processing route 10/10,    edge 112/113
10:17:18.151 INFO  - processing route 10/10,    edge 113/113
10:17:18.152 INFO  - no vehicle definitions found
10:17:18.152 INFO  - 

10:17:18.316 INFO  - Saving 1300 nodes...
10:17:18.349 INFO  - Saving 2200 ways...
10:17:18.405 INFO  - Saving 2200 connections...
10:17:18.443 INFO  - Saving 984 restrictions...
10:17:18.454 INFO  - Saving 10 routes...
10:17:18.463 INFO  - Saving 0 roundabouts...
10:17:18.463 INFO  - Saving 0 buildings...
10:17:18.463 INFO  - Create Indices
10:17:18.464 ERROR - error while trying to write database content: [SQLITE_ERROR] SQL error or missing database (no such table: main.BuildingCorner)
10:17:18.464 INFO  - finished
