15:19:40.801 INFO  - initializing database
15:19:40.804 INFO  - loading database... 
15:19:41.147 INFO  - success

15:19:41.170 INFO  - No net-file given. No network will be imported.
15:19:41.171 INFO  - parsing route file
15:19:41.327 INFO  - processing route 1/10,    
15:19:41.330 INFO  - processing route 1/10,    edge 1/59
15:19:41.331 INFO  - processing route 1/10,    edge 2/59
15:19:41.332 INFO  - processing route 1/10,    edge 3/59
15:19:41.333 INFO  - processing route 1/10,    edge 4/59
15:19:41.333 INFO  - processing route 1/10,    edge 5/59
15:19:41.333 INFO  - processing route 1/10,    edge 6/59
15:19:41.333 INFO  - processing route 1/10,    edge 7/59
15:19:41.333 INFO  - processing route 1/10,    edge 8/59
15:19:41.333 INFO  - processing route 1/10,    edge 9/59
15:19:41.333 INFO  - processing route 1/10,    edge 10/59
15:19:41.333 INFO  - processing route 1/10,    edge 11/59
15:19:41.334 INFO  - processing route 1/10,    edge 12/59
15:19:41.334 INFO  - processing route 1/10,    edge 13/59
15:19:41.334 INFO  - processing route 1/10,    edge 14/59
15:19:41.334 INFO  - processing route 1/10,    edge 15/59
15:19:41.334 INFO  - processing route 1/10,    edge 16/59
15:19:41.334 INFO  - processing route 1/10,    edge 17/59
15:19:41.334 INFO  - processing route 1/10,    edge 18/59
15:19:41.335 INFO  - processing route 1/10,    edge 19/59
15:19:41.335 INFO  - processing route 1/10,    edge 20/59
15:19:41.335 INFO  - processing route 1/10,    edge 21/59
15:19:41.335 INFO  - processing route 1/10,    edge 22/59
15:19:41.335 INFO  - processing route 1/10,    edge 23/59
15:19:41.335 INFO  - processing route 1/10,    edge 24/59
15:19:41.335 INFO  - processing route 1/10,    edge 25/59
15:19:41.335 INFO  - processing route 1/10,    edge 26/59
15:19:41.336 INFO  - processing route 1/10,    edge 27/59
15:19:41.336 INFO  - processing route 1/10,    edge 28/59
15:19:41.336 INFO  - processing route 1/10,    edge 29/59
15:19:41.336 INFO  - processing route 1/10,    edge 30/59
15:19:41.336 INFO  - processing route 1/10,    edge 31/59
15:19:41.336 INFO  - processing route 1/10,    edge 32/59
15:19:41.336 INFO  - processing route 1/10,    edge 33/59
15:19:41.336 INFO  - processing route 1/10,    edge 34/59
15:19:41.336 INFO  - processing route 1/10,    edge 35/59
15:19:41.337 INFO  - processing route 1/10,    edge 36/59
15:19:41.337 INFO  - processing route 1/10,    edge 37/59
15:19:41.337 INFO  - processing route 1/10,    edge 38/59
15:19:41.337 INFO  - processing route 1/10,    edge 39/59
15:19:41.337 INFO  - processing route 1/10,    edge 40/59
15:19:41.337 INFO  - processing route 1/10,    edge 41/59
15:19:41.337 INFO  - processing route 1/10,    edge 42/59
15:19:41.337 INFO  - processing route 1/10,    edge 43/59
15:19:41.337 INFO  - processing route 1/10,    edge 44/59
15:19:41.338 INFO  - processing route 1/10,    edge 45/59
15:19:41.338 INFO  - processing route 1/10,    edge 46/59
15:19:41.338 INFO  - processing route 1/10,    edge 47/59
15:19:41.338 INFO  - processing route 1/10,    edge 48/59
15:19:41.338 INFO  - processing route 1/10,    edge 49/59
15:19:41.338 INFO  - processing route 1/10,    edge 50/59
15:19:41.338 INFO  - processing route 1/10,    edge 51/59
15:19:41.338 INFO  - processing route 1/10,    edge 52/59
15:19:41.338 INFO  - processing route 1/10,    edge 53/59
15:19:41.339 INFO  - processing route 1/10,    edge 54/59
15:19:41.339 INFO  - processing route 1/10,    edge 55/59
15:19:41.339 INFO  - processing route 1/10,    edge 56/59
15:19:41.339 INFO  - processing route 1/10,    edge 57/59
15:19:41.339 INFO  - processing route 1/10,    edge 58/59
15:19:41.339 INFO  - processing route 1/10,    edge 59/59
15:19:41.340 INFO  - processing route 2/10,    
15:19:41.340 INFO  - processing route 2/10,    edge 1/40
15:19:41.340 INFO  - processing route 2/10,    edge 2/40
15:19:41.340 INFO  - processing route 2/10,    edge 3/40
15:19:41.340 INFO  - processing route 2/10,    edge 4/40
15:19:41.340 INFO  - processing route 2/10,    edge 5/40
15:19:41.341 INFO  - processing route 2/10,    edge 6/40
15:19:41.341 INFO  - processing route 2/10,    edge 7/40
15:19:41.341 INFO  - processing route 2/10,    edge 8/40
15:19:41.341 INFO  - processing route 2/10,    edge 9/40
15:19:41.341 INFO  - processing route 2/10,    edge 10/40
15:19:41.341 INFO  - processing route 2/10,    edge 11/40
15:19:41.341 INFO  - processing route 2/10,    edge 12/40
15:19:41.341 INFO  - processing route 2/10,    edge 13/40
15:19:41.341 INFO  - processing route 2/10,    edge 14/40
15:19:41.341 INFO  - processing route 2/10,    edge 15/40
15:19:41.341 INFO  - processing route 2/10,    edge 16/40
15:19:41.342 INFO  - processing route 2/10,    edge 17/40
15:19:41.342 INFO  - processing route 2/10,    edge 18/40
15:19:41.342 INFO  - processing route 2/10,    edge 19/40
15:19:41.342 INFO  - processing route 2/10,    edge 20/40
15:19:41.342 INFO  - processing route 2/10,    edge 21/40
15:19:41.342 INFO  - processing route 2/10,    edge 22/40
15:19:41.342 INFO  - processing route 2/10,    edge 23/40
15:19:41.342 INFO  - processing route 2/10,    edge 24/40
15:19:41.342 INFO  - processing route 2/10,    edge 25/40
15:19:41.342 INFO  - processing route 2/10,    edge 26/40
15:19:41.343 INFO  - processing route 2/10,    edge 27/40
15:19:41.343 INFO  - processing route 2/10,    edge 28/40
15:19:41.343 INFO  - processing route 2/10,    edge 29/40
15:19:41.343 INFO  - processing route 2/10,    edge 30/40
15:19:41.343 INFO  - processing route 2/10,    edge 31/40
15:19:41.343 INFO  - processing route 2/10,    edge 32/40
15:19:41.343 INFO  - processing route 2/10,    edge 33/40
15:19:41.343 INFO  - processing route 2/10,    edge 34/40
15:19:41.343 INFO  - processing route 2/10,    edge 35/40
15:19:41.343 INFO  - processing route 2/10,    edge 36/40
15:19:41.344 INFO  - processing route 2/10,    edge 37/40
15:19:41.344 INFO  - processing route 2/10,    edge 38/40
15:19:41.344 INFO  - processing route 2/10,    edge 39/40
15:19:41.344 INFO  - processing route 2/10,    edge 40/40
15:19:41.344 INFO  - processing route 3/10,    
15:19:41.345 INFO  - processing route 3/10,    edge 1/46
15:19:41.345 INFO  - processing route 3/10,    edge 2/46
15:19:41.345 INFO  - processing route 3/10,    edge 3/46
15:19:41.345 INFO  - processing route 3/10,    edge 4/46
15:19:41.345 INFO  - processing route 3/10,    edge 5/46
15:19:41.345 INFO  - processing route 3/10,    edge 6/46
15:19:41.345 INFO  - processing route 3/10,    edge 7/46
15:19:41.345 INFO  - processing route 3/10,    edge 8/46
15:19:41.345 INFO  - processing route 3/10,    edge 9/46
15:19:41.345 INFO  - processing route 3/10,    edge 10/46
15:19:41.346 INFO  - processing route 3/10,    edge 11/46
15:19:41.346 INFO  - processing route 3/10,    edge 12/46
15:19:41.346 INFO  - processing route 3/10,    edge 13/46
15:19:41.346 INFO  - processing route 3/10,    edge 14/46
15:19:41.346 INFO  - processing route 3/10,    edge 15/46
15:19:41.346 INFO  - processing route 3/10,    edge 16/46
15:19:41.346 INFO  - processing route 3/10,    edge 17/46
15:19:41.346 INFO  - processing route 3/10,    edge 18/46
15:19:41.346 INFO  - processing route 3/10,    edge 19/46
15:19:41.346 INFO  - processing route 3/10,    edge 20/46
15:19:41.347 INFO  - processing route 3/10,    edge 21/46
15:19:41.347 INFO  - processing route 3/10,    edge 22/46
15:19:41.347 INFO  - processing route 3/10,    edge 23/46
15:19:41.347 INFO  - processing route 3/10,    edge 24/46
15:19:41.347 INFO  - processing route 3/10,    edge 25/46
15:19:41.347 INFO  - processing route 3/10,    edge 26/46
15:19:41.347 INFO  - processing route 3/10,    edge 27/46
15:19:41.347 INFO  - processing route 3/10,    edge 28/46
15:19:41.347 INFO  - processing route 3/10,    edge 29/46
15:19:41.347 INFO  - processing route 3/10,    edge 30/46
15:19:41.348 INFO  - processing route 3/10,    edge 31/46
15:19:41.348 INFO  - processing route 3/10,    edge 32/46
15:19:41.348 INFO  - processing route 3/10,    edge 33/46
15:19:41.348 INFO  - processing route 3/10,    edge 34/46
15:19:41.348 INFO  - processing route 3/10,    edge 35/46
15:19:41.348 INFO  - processing route 3/10,    edge 36/46
15:19:41.348 INFO  - processing route 3/10,    edge 37/46
15:19:41.348 INFO  - processing route 3/10,    edge 38/46
15:19:41.348 INFO  - processing route 3/10,    edge 39/46
15:19:41.348 INFO  - processing route 3/10,    edge 40/46
15:19:41.348 INFO  - processing route 3/10,    edge 41/46
15:19:41.348 INFO  - processing route 3/10,    edge 42/46
15:19:41.349 INFO  - processing route 3/10,    edge 43/46
15:19:41.349 INFO  - processing route 3/10,    edge 44/46
15:19:41.349 INFO  - processing route 3/10,    edge 45/46
15:19:41.349 INFO  - processing route 3/10,    edge 46/46
15:19:41.349 INFO  - processing route 4/10,    
15:19:41.350 INFO  - processing route 4/10,    edge 1/60
15:19:41.350 INFO  - processing route 4/10,    edge 2/60
15:19:41.350 INFO  - processing route 4/10,    edge 3/60
15:19:41.350 INFO  - processing route 4/10,    edge 4/60
15:19:41.350 INFO  - processing route 4/10,    edge 5/60
15:19:41.350 INFO  - processing route 4/10,    edge 6/60
15:19:41.350 INFO  - processing route 4/10,    edge 7/60
15:19:41.350 INFO  - processing route 4/10,    edge 8/60
15:19:41.350 INFO  - processing route 4/10,    edge 9/60
15:19:41.350 INFO  - processing route 4/10,    edge 10/60
15:19:41.351 INFO  - processing route 4/10,    edge 11/60
15:19:41.351 INFO  - processing route 4/10,    edge 12/60
15:19:41.351 INFO  - processing route 4/10,    edge 13/60
15:19:41.351 INFO  - processing route 4/10,    edge 14/60
15:19:41.351 INFO  - processing route 4/10,    edge 15/60
15:19:41.351 INFO  - processing route 4/10,    edge 16/60
15:19:41.351 INFO  - processing route 4/10,    edge 17/60
15:19:41.351 INFO  - processing route 4/10,    edge 18/60
15:19:41.351 INFO  - processing route 4/10,    edge 19/60
15:19:41.351 INFO  - processing route 4/10,    edge 20/60
15:19:41.351 INFO  - processing route 4/10,    edge 21/60
15:19:41.351 INFO  - processing route 4/10,    edge 22/60
15:19:41.352 INFO  - processing route 4/10,    edge 23/60
15:19:41.352 INFO  - processing route 4/10,    edge 24/60
15:19:41.352 INFO  - processing route 4/10,    edge 25/60
15:19:41.352 INFO  - processing route 4/10,    edge 26/60
15:19:41.352 INFO  - processing route 4/10,    edge 27/60
15:19:41.352 INFO  - processing route 4/10,    edge 28/60
15:19:41.352 INFO  - processing route 4/10,    edge 29/60
15:19:41.352 INFO  - processing route 4/10,    edge 30/60
15:19:41.352 INFO  - processing route 4/10,    edge 31/60
15:19:41.353 INFO  - processing route 4/10,    edge 32/60
15:19:41.353 INFO  - processing route 4/10,    edge 33/60
15:19:41.353 INFO  - processing route 4/10,    edge 34/60
15:19:41.353 INFO  - processing route 4/10,    edge 35/60
15:19:41.353 INFO  - processing route 4/10,    edge 36/60
15:19:41.353 INFO  - processing route 4/10,    edge 37/60
15:19:41.353 INFO  - processing route 4/10,    edge 38/60
15:19:41.353 INFO  - processing route 4/10,    edge 39/60
15:19:41.353 INFO  - processing route 4/10,    edge 40/60
15:19:41.353 INFO  - processing route 4/10,    edge 41/60
15:19:41.353 INFO  - processing route 4/10,    edge 42/60
15:19:41.354 INFO  - processing route 4/10,    edge 43/60
15:19:41.354 INFO  - processing route 4/10,    edge 44/60
15:19:41.354 INFO  - processing route 4/10,    edge 45/60
15:19:41.354 INFO  - processing route 4/10,    edge 46/60
15:19:41.354 INFO  - processing route 4/10,    edge 47/60
15:19:41.354 INFO  - processing route 4/10,    edge 48/60
15:19:41.354 INFO  - processing route 4/10,    edge 49/60
15:19:41.354 INFO  - processing route 4/10,    edge 50/60
15:19:41.354 INFO  - processing route 4/10,    edge 51/60
15:19:41.354 INFO  - processing route 4/10,    edge 52/60
15:19:41.354 INFO  - processing route 4/10,    edge 53/60
15:19:41.354 INFO  - processing route 4/10,    edge 54/60
15:19:41.354 INFO  - processing route 4/10,    edge 55/60
15:19:41.355 INFO  - processing route 4/10,    edge 56/60
15:19:41.355 INFO  - processing route 4/10,    edge 57/60
15:19:41.355 INFO  - processing route 4/10,    edge 58/60
15:19:41.355 INFO  - processing route 4/10,    edge 59/60
15:19:41.355 INFO  - processing route 4/10,    edge 60/60
15:19:41.355 INFO  - processing route 5/10,    
15:19:41.356 INFO  - processing route 5/10,    edge 1/148
15:19:41.356 INFO  - processing route 5/10,    edge 2/148
15:19:41.356 INFO  - processing route 5/10,    edge 3/148
15:19:41.356 INFO  - processing route 5/10,    edge 4/148
15:19:41.356 INFO  - processing route 5/10,    edge 5/148
15:19:41.357 INFO  - processing route 5/10,    edge 6/148
15:19:41.357 INFO  - processing route 5/10,    edge 7/148
15:19:41.357 INFO  - processing route 5/10,    edge 8/148
15:19:41.357 INFO  - processing route 5/10,    edge 9/148
15:19:41.357 INFO  - processing route 5/10,    edge 10/148
15:19:41.357 INFO  - processing route 5/10,    edge 11/148
15:19:41.357 INFO  - processing route 5/10,    edge 12/148
15:19:41.357 INFO  - processing route 5/10,    edge 13/148
15:19:41.357 INFO  - processing route 5/10,    edge 14/148
15:19:41.357 INFO  - processing route 5/10,    edge 15/148
15:19:41.357 INFO  - processing route 5/10,    edge 16/148
15:19:41.357 INFO  - processing route 5/10,    edge 17/148
15:19:41.358 INFO  - processing route 5/10,    edge 18/148
15:19:41.358 INFO  - processing route 5/10,    edge 19/148
15:19:41.358 INFO  - processing route 5/10,    edge 20/148
15:19:41.358 INFO  - processing route 5/10,    edge 21/148
15:19:41.358 INFO  - processing route 5/10,    edge 22/148
15:19:41.358 INFO  - processing route 5/10,    edge 23/148
15:19:41.358 INFO  - processing route 5/10,    edge 24/148
15:19:41.358 INFO  - processing route 5/10,    edge 25/148
15:19:41.358 INFO  - processing route 5/10,    edge 26/148
15:19:41.358 INFO  - processing route 5/10,    edge 27/148
15:19:41.358 INFO  - processing route 5/10,    edge 28/148
15:19:41.358 INFO  - processing route 5/10,    edge 29/148
15:19:41.358 INFO  - processing route 5/10,    edge 30/148
15:19:41.359 INFO  - processing route 5/10,    edge 31/148
15:19:41.359 INFO  - processing route 5/10,    edge 32/148
15:19:41.359 INFO  - processing route 5/10,    edge 33/148
15:19:41.359 INFO  - processing route 5/10,    edge 34/148
15:19:41.359 INFO  - processing route 5/10,    edge 35/148
15:19:41.359 INFO  - processing route 5/10,    edge 36/148
15:19:41.359 INFO  - processing route 5/10,    edge 37/148
15:19:41.359 INFO  - processing route 5/10,    edge 38/148
15:19:41.359 INFO  - processing route 5/10,    edge 39/148
15:19:41.359 INFO  - processing route 5/10,    edge 40/148
15:19:41.360 INFO  - processing route 5/10,    edge 41/148
15:19:41.360 INFO  - processing route 5/10,    edge 42/148
15:19:41.360 INFO  - processing route 5/10,    edge 43/148
15:19:41.360 INFO  - processing route 5/10,    edge 44/148
15:19:41.360 INFO  - processing route 5/10,    edge 45/148
15:19:41.360 INFO  - processing route 5/10,    edge 46/148
15:19:41.360 INFO  - processing route 5/10,    edge 47/148
15:19:41.360 INFO  - processing route 5/10,    edge 48/148
15:19:41.360 INFO  - processing route 5/10,    edge 49/148
15:19:41.360 INFO  - processing route 5/10,    edge 50/148
15:19:41.360 INFO  - processing route 5/10,    edge 51/148
15:19:41.360 INFO  - processing route 5/10,    edge 52/148
15:19:41.361 INFO  - processing route 5/10,    edge 53/148
15:19:41.361 INFO  - processing route 5/10,    edge 54/148
15:19:41.361 INFO  - processing route 5/10,    edge 55/148
15:19:41.361 INFO  - processing route 5/10,    edge 56/148
15:19:41.361 INFO  - processing route 5/10,    edge 57/148
15:19:41.361 INFO  - processing route 5/10,    edge 58/148
15:19:41.361 INFO  - processing route 5/10,    edge 59/148
15:19:41.361 INFO  - processing route 5/10,    edge 60/148
15:19:41.361 INFO  - processing route 5/10,    edge 61/148
15:19:41.361 INFO  - processing route 5/10,    edge 62/148
15:19:41.361 INFO  - processing route 5/10,    edge 63/148
15:19:41.361 INFO  - processing route 5/10,    edge 64/148
15:19:41.361 INFO  - processing route 5/10,    edge 65/148
15:19:41.362 INFO  - processing route 5/10,    edge 66/148
15:19:41.362 INFO  - processing route 5/10,    edge 67/148
15:19:41.362 INFO  - processing route 5/10,    edge 68/148
15:19:41.362 INFO  - processing route 5/10,    edge 69/148
15:19:41.362 INFO  - processing route 5/10,    edge 70/148
15:19:41.362 INFO  - processing route 5/10,    edge 71/148
15:19:41.362 INFO  - processing route 5/10,    edge 72/148
15:19:41.362 INFO  - processing route 5/10,    edge 73/148
15:19:41.362 INFO  - processing route 5/10,    edge 74/148
15:19:41.362 INFO  - processing route 5/10,    edge 75/148
15:19:41.362 INFO  - processing route 5/10,    edge 76/148
15:19:41.362 INFO  - processing route 5/10,    edge 77/148
15:19:41.363 INFO  - processing route 5/10,    edge 78/148
15:19:41.363 INFO  - processing route 5/10,    edge 79/148
15:19:41.363 INFO  - processing route 5/10,    edge 80/148
15:19:41.363 INFO  - processing route 5/10,    edge 81/148
15:19:41.363 INFO  - processing route 5/10,    edge 82/148
15:19:41.363 INFO  - processing route 5/10,    edge 83/148
15:19:41.363 INFO  - processing route 5/10,    edge 84/148
15:19:41.363 INFO  - processing route 5/10,    edge 85/148
15:19:41.363 INFO  - processing route 5/10,    edge 86/148
15:19:41.363 INFO  - processing route 5/10,    edge 87/148
15:19:41.363 INFO  - processing route 5/10,    edge 88/148
15:19:41.363 INFO  - processing route 5/10,    edge 89/148
15:19:41.363 INFO  - processing route 5/10,    edge 90/148
15:19:41.363 INFO  - processing route 5/10,    edge 91/148
15:19:41.364 INFO  - processing route 5/10,    edge 92/148
15:19:41.364 INFO  - processing route 5/10,    edge 93/148
15:19:41.364 INFO  - processing route 5/10,    edge 94/148
15:19:41.364 INFO  - processing route 5/10,    edge 95/148
15:19:41.364 INFO  - processing route 5/10,    edge 96/148
15:19:41.364 INFO  - processing route 5/10,    edge 97/148
15:19:41.364 INFO  - processing route 5/10,    edge 98/148
15:19:41.364 INFO  - processing route 5/10,    edge 99/148
15:19:41.364 INFO  - processing route 5/10,    edge 100/148
15:19:41.364 INFO  - processing route 5/10,    edge 101/148
15:19:41.364 INFO  - processing route 5/10,    edge 102/148
15:19:41.364 INFO  - processing route 5/10,    edge 103/148
15:19:41.364 INFO  - processing route 5/10,    edge 104/148
15:19:41.364 INFO  - processing route 5/10,    edge 105/148
15:19:41.364 INFO  - processing route 5/10,    edge 106/148
15:19:41.365 INFO  - processing route 5/10,    edge 107/148
15:19:41.365 INFO  - processing route 5/10,    edge 108/148
15:19:41.365 INFO  - processing route 5/10,    edge 109/148
15:19:41.365 INFO  - processing route 5/10,    edge 110/148
15:19:41.365 INFO  - processing route 5/10,    edge 111/148
15:19:41.365 INFO  - processing route 5/10,    edge 112/148
15:19:41.365 INFO  - processing route 5/10,    edge 113/148
15:19:41.365 INFO  - processing route 5/10,    edge 114/148
15:19:41.365 INFO  - processing route 5/10,    edge 115/148
15:19:41.365 INFO  - processing route 5/10,    edge 116/148
15:19:41.365 INFO  - processing route 5/10,    edge 117/148
15:19:41.365 INFO  - processing route 5/10,    edge 118/148
15:19:41.365 INFO  - processing route 5/10,    edge 119/148
15:19:41.365 INFO  - processing route 5/10,    edge 120/148
15:19:41.365 INFO  - processing route 5/10,    edge 121/148
15:19:41.365 INFO  - processing route 5/10,    edge 122/148
15:19:41.365 INFO  - processing route 5/10,    edge 123/148
15:19:41.366 INFO  - processing route 5/10,    edge 124/148
15:19:41.366 INFO  - processing route 5/10,    edge 125/148
15:19:41.366 INFO  - processing route 5/10,    edge 126/148
15:19:41.366 INFO  - processing route 5/10,    edge 127/148
15:19:41.366 INFO  - processing route 5/10,    edge 128/148
15:19:41.366 INFO  - processing route 5/10,    edge 129/148
15:19:41.366 INFO  - processing route 5/10,    edge 130/148
15:19:41.366 INFO  - processing route 5/10,    edge 131/148
15:19:41.366 INFO  - processing route 5/10,    edge 132/148
15:19:41.366 INFO  - processing route 5/10,    edge 133/148
15:19:41.366 INFO  - processing route 5/10,    edge 134/148
15:19:41.366 INFO  - processing route 5/10,    edge 135/148
15:19:41.366 INFO  - processing route 5/10,    edge 136/148
15:19:41.366 INFO  - processing route 5/10,    edge 137/148
15:19:41.366 INFO  - processing route 5/10,    edge 138/148
15:19:41.366 INFO  - processing route 5/10,    edge 139/148
15:19:41.367 INFO  - processing route 5/10,    edge 140/148
15:19:41.367 INFO  - processing route 5/10,    edge 141/148
15:19:41.367 INFO  - processing route 5/10,    edge 142/148
15:19:41.367 INFO  - processing route 5/10,    edge 143/148
15:19:41.367 INFO  - processing route 5/10,    edge 144/148
15:19:41.367 INFO  - processing route 5/10,    edge 145/148
15:19:41.367 INFO  - processing route 5/10,    edge 146/148
15:19:41.367 INFO  - processing route 5/10,    edge 147/148
15:19:41.367 INFO  - processing route 5/10,    edge 148/148
15:19:41.367 INFO  - processing route 6/10,    
15:19:41.367 INFO  - processing route 6/10,    edge 1/16
15:19:41.368 INFO  - processing route 6/10,    edge 2/16
15:19:41.368 INFO  - processing route 6/10,    edge 3/16
15:19:41.368 INFO  - processing route 6/10,    edge 4/16
15:19:41.368 INFO  - processing route 6/10,    edge 5/16
15:19:41.368 INFO  - processing route 6/10,    edge 6/16
15:19:41.368 INFO  - processing route 6/10,    edge 7/16
15:19:41.368 INFO  - processing route 6/10,    edge 8/16
15:19:41.368 INFO  - processing route 6/10,    edge 9/16
15:19:41.368 INFO  - processing route 6/10,    edge 10/16
15:19:41.368 INFO  - processing route 6/10,    edge 11/16
15:19:41.368 INFO  - processing route 6/10,    edge 12/16
15:19:41.368 INFO  - processing route 6/10,    edge 13/16
15:19:41.368 INFO  - processing route 6/10,    edge 14/16
15:19:41.368 INFO  - processing route 6/10,    edge 15/16
15:19:41.368 INFO  - processing route 6/10,    edge 16/16
15:19:41.369 INFO  - processing route 7/10,    
15:19:41.369 INFO  - processing route 7/10,    edge 1/73
15:19:41.369 INFO  - processing route 7/10,    edge 2/73
15:19:41.369 INFO  - processing route 7/10,    edge 3/73
15:19:41.369 INFO  - processing route 7/10,    edge 4/73
15:19:41.369 INFO  - processing route 7/10,    edge 5/73
15:19:41.369 INFO  - processing route 7/10,    edge 6/73
15:19:41.370 INFO  - processing route 7/10,    edge 7/73
15:19:41.370 INFO  - processing route 7/10,    edge 8/73
15:19:41.370 INFO  - processing route 7/10,    edge 9/73
15:19:41.370 INFO  - processing route 7/10,    edge 10/73
15:19:41.370 INFO  - processing route 7/10,    edge 11/73
15:19:41.370 INFO  - processing route 7/10,    edge 12/73
15:19:41.370 INFO  - processing route 7/10,    edge 13/73
15:19:41.370 INFO  - processing route 7/10,    edge 14/73
15:19:41.370 INFO  - processing route 7/10,    edge 15/73
15:19:41.370 INFO  - processing route 7/10,    edge 16/73
15:19:41.370 INFO  - processing route 7/10,    edge 17/73
15:19:41.371 INFO  - processing route 7/10,    edge 18/73
15:19:41.371 INFO  - processing route 7/10,    edge 19/73
15:19:41.371 INFO  - processing route 7/10,    edge 20/73
15:19:41.371 INFO  - processing route 7/10,    edge 21/73
15:19:41.371 INFO  - processing route 7/10,    edge 22/73
15:19:41.371 INFO  - processing route 7/10,    edge 23/73
15:19:41.371 INFO  - processing route 7/10,    edge 24/73
15:19:41.371 INFO  - processing route 7/10,    edge 25/73
15:19:41.371 INFO  - processing route 7/10,    edge 26/73
15:19:41.371 INFO  - processing route 7/10,    edge 27/73
15:19:41.371 INFO  - processing route 7/10,    edge 28/73
15:19:41.371 INFO  - processing route 7/10,    edge 29/73
15:19:41.371 INFO  - processing route 7/10,    edge 30/73
15:19:41.371 INFO  - processing route 7/10,    edge 31/73
15:19:41.371 INFO  - processing route 7/10,    edge 32/73
15:19:41.372 INFO  - processing route 7/10,    edge 33/73
15:19:41.372 INFO  - processing route 7/10,    edge 34/73
15:19:41.372 INFO  - processing route 7/10,    edge 35/73
15:19:41.372 INFO  - processing route 7/10,    edge 36/73
15:19:41.372 INFO  - processing route 7/10,    edge 37/73
15:19:41.372 INFO  - processing route 7/10,    edge 38/73
15:19:41.372 INFO  - processing route 7/10,    edge 39/73
15:19:41.372 INFO  - processing route 7/10,    edge 40/73
15:19:41.372 INFO  - processing route 7/10,    edge 41/73
15:19:41.372 INFO  - processing route 7/10,    edge 42/73
15:19:41.372 INFO  - processing route 7/10,    edge 43/73
15:19:41.372 INFO  - processing route 7/10,    edge 44/73
15:19:41.372 INFO  - processing route 7/10,    edge 45/73
15:19:41.372 INFO  - processing route 7/10,    edge 46/73
15:19:41.373 INFO  - processing route 7/10,    edge 47/73
15:19:41.373 INFO  - processing route 7/10,    edge 48/73
15:19:41.373 INFO  - processing route 7/10,    edge 49/73
15:19:41.373 INFO  - processing route 7/10,    edge 50/73
15:19:41.373 INFO  - processing route 7/10,    edge 51/73
15:19:41.373 INFO  - processing route 7/10,    edge 52/73
15:19:41.373 INFO  - processing route 7/10,    edge 53/73
15:19:41.373 INFO  - processing route 7/10,    edge 54/73
15:19:41.373 INFO  - processing route 7/10,    edge 55/73
15:19:41.373 INFO  - processing route 7/10,    edge 56/73
15:19:41.373 INFO  - processing route 7/10,    edge 57/73
15:19:41.373 INFO  - processing route 7/10,    edge 58/73
15:19:41.373 INFO  - processing route 7/10,    edge 59/73
15:19:41.373 INFO  - processing route 7/10,    edge 60/73
15:19:41.373 INFO  - processing route 7/10,    edge 61/73
15:19:41.373 INFO  - processing route 7/10,    edge 62/73
15:19:41.374 INFO  - processing route 7/10,    edge 63/73
15:19:41.374 INFO  - processing route 7/10,    edge 64/73
15:19:41.374 INFO  - processing route 7/10,    edge 65/73
15:19:41.374 INFO  - processing route 7/10,    edge 66/73
15:19:41.374 INFO  - processing route 7/10,    edge 67/73
15:19:41.374 INFO  - processing route 7/10,    edge 68/73
15:19:41.374 INFO  - processing route 7/10,    edge 69/73
15:19:41.374 INFO  - processing route 7/10,    edge 70/73
15:19:41.374 INFO  - processing route 7/10,    edge 71/73
15:19:41.374 INFO  - processing route 7/10,    edge 72/73
15:19:41.374 INFO  - processing route 7/10,    edge 73/73
15:19:41.374 INFO  - processing route 8/10,    
15:19:41.375 INFO  - processing route 8/10,    edge 1/54
15:19:41.375 INFO  - processing route 8/10,    edge 2/54
15:19:41.375 INFO  - processing route 8/10,    edge 3/54
15:19:41.375 INFO  - processing route 8/10,    edge 4/54
15:19:41.375 INFO  - processing route 8/10,    edge 5/54
15:19:41.375 INFO  - processing route 8/10,    edge 6/54
15:19:41.375 INFO  - processing route 8/10,    edge 7/54
15:19:41.375 INFO  - processing route 8/10,    edge 8/54
15:19:41.375 INFO  - processing route 8/10,    edge 9/54
15:19:41.375 INFO  - processing route 8/10,    edge 10/54
15:19:41.375 INFO  - processing route 8/10,    edge 11/54
15:19:41.375 INFO  - processing route 8/10,    edge 12/54
15:19:41.376 INFO  - processing route 8/10,    edge 13/54
15:19:41.376 INFO  - processing route 8/10,    edge 14/54
15:19:41.376 INFO  - processing route 8/10,    edge 15/54
15:19:41.376 INFO  - processing route 8/10,    edge 16/54
15:19:41.376 INFO  - processing route 8/10,    edge 17/54
15:19:41.376 INFO  - processing route 8/10,    edge 18/54
15:19:41.376 INFO  - processing route 8/10,    edge 19/54
15:19:41.376 INFO  - processing route 8/10,    edge 20/54
15:19:41.376 INFO  - processing route 8/10,    edge 21/54
15:19:41.376 INFO  - processing route 8/10,    edge 22/54
15:19:41.376 INFO  - processing route 8/10,    edge 23/54
15:19:41.376 INFO  - processing route 8/10,    edge 24/54
15:19:41.376 INFO  - processing route 8/10,    edge 25/54
15:19:41.376 INFO  - processing route 8/10,    edge 26/54
15:19:41.376 INFO  - processing route 8/10,    edge 27/54
15:19:41.376 INFO  - processing route 8/10,    edge 28/54
15:19:41.377 INFO  - processing route 8/10,    edge 29/54
15:19:41.377 INFO  - processing route 8/10,    edge 30/54
15:19:41.377 INFO  - processing route 8/10,    edge 31/54
15:19:41.377 INFO  - processing route 8/10,    edge 32/54
15:19:41.377 INFO  - processing route 8/10,    edge 33/54
15:19:41.377 INFO  - processing route 8/10,    edge 34/54
15:19:41.377 INFO  - processing route 8/10,    edge 35/54
15:19:41.377 INFO  - processing route 8/10,    edge 36/54
15:19:41.377 INFO  - processing route 8/10,    edge 37/54
15:19:41.377 INFO  - processing route 8/10,    edge 38/54
15:19:41.377 INFO  - processing route 8/10,    edge 39/54
15:19:41.377 INFO  - processing route 8/10,    edge 40/54
15:19:41.377 INFO  - processing route 8/10,    edge 41/54
15:19:41.377 INFO  - processing route 8/10,    edge 42/54
15:19:41.377 INFO  - processing route 8/10,    edge 43/54
15:19:41.377 INFO  - processing route 8/10,    edge 44/54
15:19:41.377 INFO  - processing route 8/10,    edge 45/54
15:19:41.378 INFO  - processing route 8/10,    edge 46/54
15:19:41.378 INFO  - processing route 8/10,    edge 47/54
15:19:41.378 INFO  - processing route 8/10,    edge 48/54
15:19:41.378 INFO  - processing route 8/10,    edge 49/54
15:19:41.378 INFO  - processing route 8/10,    edge 50/54
15:19:41.378 INFO  - processing route 8/10,    edge 51/54
15:19:41.378 INFO  - processing route 8/10,    edge 52/54
15:19:41.378 INFO  - processing route 8/10,    edge 53/54
15:19:41.378 INFO  - processing route 8/10,    edge 54/54
15:19:41.378 INFO  - processing route 9/10,    
15:19:41.378 INFO  - processing route 9/10,    edge 1/25
15:19:41.379 INFO  - processing route 9/10,    edge 2/25
15:19:41.379 INFO  - processing route 9/10,    edge 3/25
15:19:41.379 INFO  - processing route 9/10,    edge 4/25
15:19:41.379 INFO  - processing route 9/10,    edge 5/25
15:19:41.379 INFO  - processing route 9/10,    edge 6/25
15:19:41.379 INFO  - processing route 9/10,    edge 7/25
15:19:41.379 INFO  - processing route 9/10,    edge 8/25
15:19:41.379 INFO  - processing route 9/10,    edge 9/25
15:19:41.379 INFO  - processing route 9/10,    edge 10/25
15:19:41.379 INFO  - processing route 9/10,    edge 11/25
15:19:41.379 INFO  - processing route 9/10,    edge 12/25
15:19:41.379 INFO  - processing route 9/10,    edge 13/25
15:19:41.379 INFO  - processing route 9/10,    edge 14/25
15:19:41.379 INFO  - processing route 9/10,    edge 15/25
15:19:41.379 INFO  - processing route 9/10,    edge 16/25
15:19:41.380 INFO  - processing route 9/10,    edge 17/25
15:19:41.380 INFO  - processing route 9/10,    edge 18/25
15:19:41.380 INFO  - processing route 9/10,    edge 19/25
15:19:41.380 INFO  - processing route 9/10,    edge 20/25
15:19:41.380 INFO  - processing route 9/10,    edge 21/25
15:19:41.380 INFO  - processing route 9/10,    edge 22/25
15:19:41.380 INFO  - processing route 9/10,    edge 23/25
15:19:41.380 INFO  - processing route 9/10,    edge 24/25
15:19:41.380 INFO  - processing route 9/10,    edge 25/25
15:19:41.380 INFO  - processing route 10/10,    
15:19:41.381 INFO  - processing route 10/10,    edge 1/128
15:19:41.381 INFO  - processing route 10/10,    edge 2/128
15:19:41.381 INFO  - processing route 10/10,    edge 3/128
15:19:41.381 INFO  - processing route 10/10,    edge 4/128
15:19:41.381 INFO  - processing route 10/10,    edge 5/128
15:19:41.381 INFO  - processing route 10/10,    edge 6/128
15:19:41.381 INFO  - processing route 10/10,    edge 7/128
15:19:41.381 INFO  - processing route 10/10,    edge 8/128
15:19:41.381 INFO  - processing route 10/10,    edge 9/128
15:19:41.381 INFO  - processing route 10/10,    edge 10/128
15:19:41.381 INFO  - processing route 10/10,    edge 11/128
15:19:41.381 INFO  - processing route 10/10,    edge 12/128
15:19:41.381 INFO  - processing route 10/10,    edge 13/128
15:19:41.381 INFO  - processing route 10/10,    edge 14/128
15:19:41.381 INFO  - processing route 10/10,    edge 15/128
15:19:41.381 INFO  - processing route 10/10,    edge 16/128
15:19:41.381 INFO  - processing route 10/10,    edge 17/128
15:19:41.381 INFO  - processing route 10/10,    edge 18/128
15:19:41.381 INFO  - processing route 10/10,    edge 19/128
15:19:41.381 INFO  - processing route 10/10,    edge 20/128
15:19:41.382 INFO  - processing route 10/10,    edge 21/128
15:19:41.382 INFO  - processing route 10/10,    edge 22/128
15:19:41.382 INFO  - processing route 10/10,    edge 23/128
15:19:41.382 INFO  - processing route 10/10,    edge 24/128
15:19:41.382 INFO  - processing route 10/10,    edge 25/128
15:19:41.382 INFO  - processing route 10/10,    edge 26/128
15:19:41.382 INFO  - processing route 10/10,    edge 27/128
15:19:41.382 INFO  - processing route 10/10,    edge 28/128
15:19:41.382 INFO  - processing route 10/10,    edge 29/128
15:19:41.382 INFO  - processing route 10/10,    edge 30/128
15:19:41.382 INFO  - processing route 10/10,    edge 31/128
15:19:41.382 INFO  - processing route 10/10,    edge 32/128
15:19:41.382 INFO  - processing route 10/10,    edge 33/128
15:19:41.382 INFO  - processing route 10/10,    edge 34/128
15:19:41.382 INFO  - processing route 10/10,    edge 35/128
15:19:41.382 INFO  - processing route 10/10,    edge 36/128
15:19:41.382 INFO  - processing route 10/10,    edge 37/128
15:19:41.382 INFO  - processing route 10/10,    edge 38/128
15:19:41.382 INFO  - processing route 10/10,    edge 39/128
15:19:41.382 INFO  - processing route 10/10,    edge 40/128
15:19:41.383 INFO  - processing route 10/10,    edge 41/128
15:19:41.383 INFO  - processing route 10/10,    edge 42/128
15:19:41.383 INFO  - processing route 10/10,    edge 43/128
15:19:41.383 INFO  - processing route 10/10,    edge 44/128
15:19:41.383 INFO  - processing route 10/10,    edge 45/128
15:19:41.383 INFO  - processing route 10/10,    edge 46/128
15:19:41.383 INFO  - processing route 10/10,    edge 47/128
15:19:41.383 INFO  - processing route 10/10,    edge 48/128
15:19:41.383 INFO  - processing route 10/10,    edge 49/128
15:19:41.383 INFO  - processing route 10/10,    edge 50/128
15:19:41.383 INFO  - processing route 10/10,    edge 51/128
15:19:41.383 INFO  - processing route 10/10,    edge 52/128
15:19:41.383 INFO  - processing route 10/10,    edge 53/128
15:19:41.383 INFO  - processing route 10/10,    edge 54/128
15:19:41.383 INFO  - processing route 10/10,    edge 55/128
15:19:41.383 INFO  - processing route 10/10,    edge 56/128
15:19:41.383 INFO  - processing route 10/10,    edge 57/128
15:19:41.383 INFO  - processing route 10/10,    edge 58/128
15:19:41.383 INFO  - processing route 10/10,    edge 59/128
15:19:41.383 INFO  - processing route 10/10,    edge 60/128
15:19:41.384 INFO  - processing route 10/10,    edge 61/128
15:19:41.384 INFO  - processing route 10/10,    edge 62/128
15:19:41.384 INFO  - processing route 10/10,    edge 63/128
15:19:41.384 INFO  - processing route 10/10,    edge 64/128
15:19:41.384 INFO  - processing route 10/10,    edge 65/128
15:19:41.384 INFO  - processing route 10/10,    edge 66/128
15:19:41.384 INFO  - processing route 10/10,    edge 67/128
15:19:41.384 INFO  - processing route 10/10,    edge 68/128
15:19:41.384 INFO  - processing route 10/10,    edge 69/128
15:19:41.384 INFO  - processing route 10/10,    edge 70/128
15:19:41.384 INFO  - processing route 10/10,    edge 71/128
15:19:41.384 INFO  - processing route 10/10,    edge 72/128
15:19:41.384 INFO  - processing route 10/10,    edge 73/128
15:19:41.384 INFO  - processing route 10/10,    edge 74/128
15:19:41.384 INFO  - processing route 10/10,    edge 75/128
15:19:41.384 INFO  - processing route 10/10,    edge 76/128
15:19:41.384 INFO  - processing route 10/10,    edge 77/128
15:19:41.384 INFO  - processing route 10/10,    edge 78/128
15:19:41.384 INFO  - processing route 10/10,    edge 79/128
15:19:41.384 INFO  - processing route 10/10,    edge 80/128
15:19:41.384 INFO  - processing route 10/10,    edge 81/128
15:19:41.385 INFO  - processing route 10/10,    edge 82/128
15:19:41.385 INFO  - processing route 10/10,    edge 83/128
15:19:41.385 INFO  - processing route 10/10,    edge 84/128
15:19:41.385 INFO  - processing route 10/10,    edge 85/128
15:19:41.385 INFO  - processing route 10/10,    edge 86/128
15:19:41.385 INFO  - processing route 10/10,    edge 87/128
15:19:41.385 INFO  - processing route 10/10,    edge 88/128
15:19:41.385 INFO  - processing route 10/10,    edge 89/128
15:19:41.385 INFO  - processing route 10/10,    edge 90/128
15:19:41.385 INFO  - processing route 10/10,    edge 91/128
15:19:41.385 INFO  - processing route 10/10,    edge 92/128
15:19:41.385 INFO  - processing route 10/10,    edge 93/128
15:19:41.385 INFO  - processing route 10/10,    edge 94/128
15:19:41.385 INFO  - processing route 10/10,    edge 95/128
15:19:41.385 INFO  - processing route 10/10,    edge 96/128
15:19:41.385 INFO  - processing route 10/10,    edge 97/128
15:19:41.385 INFO  - processing route 10/10,    edge 98/128
15:19:41.385 INFO  - processing route 10/10,    edge 99/128
15:19:41.385 INFO  - processing route 10/10,    edge 100/128
15:19:41.386 INFO  - processing route 10/10,    edge 101/128
15:19:41.386 INFO  - processing route 10/10,    edge 102/128
15:19:41.386 INFO  - processing route 10/10,    edge 103/128
15:19:41.386 INFO  - processing route 10/10,    edge 104/128
15:19:41.386 INFO  - processing route 10/10,    edge 105/128
15:19:41.386 INFO  - processing route 10/10,    edge 106/128
15:19:41.386 INFO  - processing route 10/10,    edge 107/128
15:19:41.386 INFO  - processing route 10/10,    edge 108/128
15:19:41.386 INFO  - processing route 10/10,    edge 109/128
15:19:41.386 INFO  - processing route 10/10,    edge 110/128
15:19:41.386 INFO  - processing route 10/10,    edge 111/128
15:19:41.386 INFO  - processing route 10/10,    edge 112/128
15:19:41.386 INFO  - processing route 10/10,    edge 113/128
15:19:41.386 INFO  - processing route 10/10,    edge 114/128
15:19:41.386 INFO  - processing route 10/10,    edge 115/128
15:19:41.386 INFO  - processing route 10/10,    edge 116/128
15:19:41.386 INFO  - processing route 10/10,    edge 117/128
15:19:41.386 INFO  - processing route 10/10,    edge 118/128
15:19:41.387 INFO  - processing route 10/10,    edge 119/128
15:19:41.387 INFO  - processing route 10/10,    edge 120/128
15:19:41.387 INFO  - processing route 10/10,    edge 121/128
15:19:41.387 INFO  - processing route 10/10,    edge 122/128
15:19:41.387 INFO  - processing route 10/10,    edge 123/128
15:19:41.387 INFO  - processing route 10/10,    edge 124/128
15:19:41.387 INFO  - processing route 10/10,    edge 125/128
15:19:41.387 INFO  - processing route 10/10,    edge 126/128
15:19:41.387 INFO  - processing route 10/10,    edge 127/128
15:19:41.387 INFO  - processing route 10/10,    edge 128/128
15:19:41.387 INFO  - no vehicle definitions found
15:19:41.388 INFO  - 

15:19:41.579 INFO  - Saving 1300 nodes...
15:19:41.599 INFO  - Saving 2200 ways...
15:19:41.648 INFO  - Saving 2200 connections...
15:19:41.685 INFO  - Saving 984 restrictions...
15:19:41.697 INFO  - Saving 10 routes...
15:19:41.705 INFO  - Saving 0 roundabouts...
15:19:41.706 INFO  - Saving 0 buildings...
15:19:41.706 INFO  - Create Indices
15:19:41.706 ERROR - error while trying to write database content: [SQLITE_ERROR] SQL error or missing database (no such table: main.BuildingCorner)
15:19:41.707 INFO  - finished
