10:28:24.339 INFO  - initializing database
10:28:24.342 INFO  - loading database... 
10:28:24.654 INFO  - success

10:28:24.679 INFO  - No net-file given. No network will be imported.
10:28:24.680 INFO  - parsing route file
10:28:24.840 INFO  - processing route 1/10,    
10:28:24.843 INFO  - processing route 1/10,    edge 1/14
10:28:24.843 INFO  - processing route 1/10,    edge 2/14
10:28:24.845 INFO  - processing route 1/10,    edge 3/14
10:28:24.845 INFO  - processing route 1/10,    edge 4/14
10:28:24.845 INFO  - processing route 1/10,    edge 5/14
10:28:24.845 INFO  - processing route 1/10,    edge 6/14
10:28:24.846 INFO  - processing route 1/10,    edge 7/14
10:28:24.846 INFO  - processing route 1/10,    edge 8/14
10:28:24.846 INFO  - processing route 1/10,    edge 9/14
10:28:24.846 INFO  - processing route 1/10,    edge 10/14
10:28:24.846 INFO  - processing route 1/10,    edge 11/14
10:28:24.846 INFO  - processing route 1/10,    edge 12/14
10:28:24.846 INFO  - processing route 1/10,    edge 13/14
10:28:24.846 INFO  - processing route 1/10,    edge 14/14
10:28:24.847 INFO  - processing route 2/10,    
10:28:24.848 INFO  - processing route 2/10,    edge 1/64
10:28:24.848 INFO  - processing route 2/10,    edge 2/64
10:28:24.848 INFO  - processing route 2/10,    edge 3/64
10:28:24.848 INFO  - processing route 2/10,    edge 4/64
10:28:24.848 INFO  - processing route 2/10,    edge 5/64
10:28:24.849 INFO  - processing route 2/10,    edge 6/64
10:28:24.849 INFO  - processing route 2/10,    edge 7/64
10:28:24.849 INFO  - processing route 2/10,    edge 8/64
10:28:24.849 INFO  - processing route 2/10,    edge 9/64
10:28:24.849 INFO  - processing route 2/10,    edge 10/64
10:28:24.849 INFO  - processing route 2/10,    edge 11/64
10:28:24.849 INFO  - processing route 2/10,    edge 12/64
10:28:24.849 INFO  - processing route 2/10,    edge 13/64
10:28:24.849 INFO  - processing route 2/10,    edge 14/64
10:28:24.850 INFO  - processing route 2/10,    edge 15/64
10:28:24.850 INFO  - processing route 2/10,    edge 16/64
10:28:24.850 INFO  - processing route 2/10,    edge 17/64
10:28:24.850 INFO  - processing route 2/10,    edge 18/64
10:28:24.850 INFO  - processing route 2/10,    edge 19/64
10:28:24.850 INFO  - processing route 2/10,    edge 20/64
10:28:24.850 INFO  - processing route 2/10,    edge 21/64
10:28:24.850 INFO  - processing route 2/10,    edge 22/64
10:28:24.851 INFO  - processing route 2/10,    edge 23/64
10:28:24.851 INFO  - processing route 2/10,    edge 24/64
10:28:24.851 INFO  - processing route 2/10,    edge 25/64
10:28:24.851 INFO  - processing route 2/10,    edge 26/64
10:28:24.851 INFO  - processing route 2/10,    edge 27/64
10:28:24.851 INFO  - processing route 2/10,    edge 28/64
10:28:24.851 INFO  - processing route 2/10,    edge 29/64
10:28:24.851 INFO  - processing route 2/10,    edge 30/64
10:28:24.852 INFO  - processing route 2/10,    edge 31/64
10:28:24.852 INFO  - processing route 2/10,    edge 32/64
10:28:24.852 INFO  - processing route 2/10,    edge 33/64
10:28:24.853 INFO  - processing route 2/10,    edge 34/64
10:28:24.853 INFO  - processing route 2/10,    edge 35/64
10:28:24.853 INFO  - processing route 2/10,    edge 36/64
10:28:24.853 INFO  - processing route 2/10,    edge 37/64
10:28:24.853 INFO  - processing route 2/10,    edge 38/64
10:28:24.853 INFO  - processing route 2/10,    edge 39/64
10:28:24.853 INFO  - processing route 2/10,    edge 40/64
10:28:24.853 INFO  - processing route 2/10,    edge 41/64
10:28:24.854 INFO  - processing route 2/10,    edge 42/64
10:28:24.854 INFO  - processing route 2/10,    edge 43/64
10:28:24.854 INFO  - processing route 2/10,    edge 44/64
10:28:24.854 INFO  - processing route 2/10,    edge 45/64
10:28:24.854 INFO  - processing route 2/10,    edge 46/64
10:28:24.854 INFO  - processing route 2/10,    edge 47/64
10:28:24.855 INFO  - processing route 2/10,    edge 48/64
10:28:24.855 INFO  - processing route 2/10,    edge 49/64
10:28:24.855 INFO  - processing route 2/10,    edge 50/64
10:28:24.855 INFO  - processing route 2/10,    edge 51/64
10:28:24.855 INFO  - processing route 2/10,    edge 52/64
10:28:24.855 INFO  - processing route 2/10,    edge 53/64
10:28:24.855 INFO  - processing route 2/10,    edge 54/64
10:28:24.856 INFO  - processing route 2/10,    edge 55/64
10:28:24.856 INFO  - processing route 2/10,    edge 56/64
10:28:24.856 INFO  - processing route 2/10,    edge 57/64
10:28:24.856 INFO  - processing route 2/10,    edge 58/64
10:28:24.856 INFO  - processing route 2/10,    edge 59/64
10:28:24.856 INFO  - processing route 2/10,    edge 60/64
10:28:24.857 INFO  - processing route 2/10,    edge 61/64
10:28:24.857 INFO  - processing route 2/10,    edge 62/64
10:28:24.857 INFO  - processing route 2/10,    edge 63/64
10:28:24.857 INFO  - processing route 2/10,    edge 64/64
10:28:24.858 INFO  - processing route 3/10,    
10:28:24.858 INFO  - processing route 3/10,    edge 1/3
10:28:24.858 INFO  - processing route 3/10,    edge 2/3
10:28:24.859 INFO  - processing route 3/10,    edge 3/3
10:28:24.859 INFO  - processing route 4/10,    
10:28:24.860 INFO  - processing route 4/10,    edge 1/64
10:28:24.861 INFO  - processing route 4/10,    edge 2/64
10:28:24.861 INFO  - processing route 4/10,    edge 3/64
10:28:24.861 INFO  - processing route 4/10,    edge 4/64
10:28:24.861 INFO  - processing route 4/10,    edge 5/64
10:28:24.861 INFO  - processing route 4/10,    edge 6/64
10:28:24.861 INFO  - processing route 4/10,    edge 7/64
10:28:24.861 INFO  - processing route 4/10,    edge 8/64
10:28:24.861 INFO  - processing route 4/10,    edge 9/64
10:28:24.862 INFO  - processing route 4/10,    edge 10/64
10:28:24.862 INFO  - processing route 4/10,    edge 11/64
10:28:24.862 INFO  - processing route 4/10,    edge 12/64
10:28:24.862 INFO  - processing route 4/10,    edge 13/64
10:28:24.862 INFO  - processing route 4/10,    edge 14/64
10:28:24.862 INFO  - processing route 4/10,    edge 15/64
10:28:24.862 INFO  - processing route 4/10,    edge 16/64
10:28:24.862 INFO  - processing route 4/10,    edge 17/64
10:28:24.863 INFO  - processing route 4/10,    edge 18/64
10:28:24.863 INFO  - processing route 4/10,    edge 19/64
10:28:24.863 INFO  - processing route 4/10,    edge 20/64
10:28:24.863 INFO  - processing route 4/10,    edge 21/64
10:28:24.863 INFO  - processing route 4/10,    edge 22/64
10:28:24.863 INFO  - processing route 4/10,    edge 23/64
10:28:24.863 INFO  - processing route 4/10,    edge 24/64
10:28:24.863 INFO  - processing route 4/10,    edge 25/64
10:28:24.863 INFO  - processing route 4/10,    edge 26/64
10:28:24.863 INFO  - processing route 4/10,    edge 27/64
10:28:24.863 INFO  - processing route 4/10,    edge 28/64
10:28:24.864 INFO  - processing route 4/10,    edge 29/64
10:28:24.864 INFO  - processing route 4/10,    edge 30/64
10:28:24.864 INFO  - processing route 4/10,    edge 31/64
10:28:24.864 INFO  - processing route 4/10,    edge 32/64
10:28:24.864 INFO  - processing route 4/10,    edge 33/64
10:28:24.864 INFO  - processing route 4/10,    edge 34/64
10:28:24.864 INFO  - processing route 4/10,    edge 35/64
10:28:24.864 INFO  - processing route 4/10,    edge 36/64
10:28:24.864 INFO  - processing route 4/10,    edge 37/64
10:28:24.865 INFO  - processing route 4/10,    edge 38/64
10:28:24.865 INFO  - processing route 4/10,    edge 39/64
10:28:24.865 INFO  - processing route 4/10,    edge 40/64
10:28:24.865 INFO  - processing route 4/10,    edge 41/64
10:28:24.865 INFO  - processing route 4/10,    edge 42/64
10:28:24.865 INFO  - processing route 4/10,    edge 43/64
10:28:24.865 INFO  - processing route 4/10,    edge 44/64
10:28:24.865 INFO  - processing route 4/10,    edge 45/64
10:28:24.865 INFO  - processing route 4/10,    edge 46/64
10:28:24.866 INFO  - processing route 4/10,    edge 47/64
10:28:24.866 INFO  - processing route 4/10,    edge 48/64
10:28:24.866 INFO  - processing route 4/10,    edge 49/64
10:28:24.866 INFO  - processing route 4/10,    edge 50/64
10:28:24.866 INFO  - processing route 4/10,    edge 51/64
10:28:24.866 INFO  - processing route 4/10,    edge 52/64
10:28:24.866 INFO  - processing route 4/10,    edge 53/64
10:28:24.866 INFO  - processing route 4/10,    edge 54/64
10:28:24.866 INFO  - processing route 4/10,    edge 55/64
10:28:24.866 INFO  - processing route 4/10,    edge 56/64
10:28:24.867 INFO  - processing route 4/10,    edge 57/64
10:28:24.867 INFO  - processing route 4/10,    edge 58/64
10:28:24.867 INFO  - processing route 4/10,    edge 59/64
10:28:24.867 INFO  - processing route 4/10,    edge 60/64
10:28:24.867 INFO  - processing route 4/10,    edge 61/64
10:28:24.867 INFO  - processing route 4/10,    edge 62/64
10:28:24.867 INFO  - processing route 4/10,    edge 63/64
10:28:24.867 INFO  - processing route 4/10,    edge 64/64
10:28:24.868 INFO  - processing route 5/10,    
10:28:24.868 INFO  - processing route 5/10,    edge 1/7
10:28:24.868 INFO  - processing route 5/10,    edge 2/7
10:28:24.868 INFO  - processing route 5/10,    edge 3/7
10:28:24.869 INFO  - processing route 5/10,    edge 4/7
10:28:24.869 INFO  - processing route 5/10,    edge 5/7
10:28:24.869 INFO  - processing route 5/10,    edge 6/7
10:28:24.869 INFO  - processing route 5/10,    edge 7/7
10:28:24.869 INFO  - processing route 6/10,    
10:28:24.870 INFO  - processing route 6/10,    edge 1/30
10:28:24.870 INFO  - processing route 6/10,    edge 2/30
10:28:24.870 INFO  - processing route 6/10,    edge 3/30
10:28:24.870 INFO  - processing route 6/10,    edge 4/30
10:28:24.870 INFO  - processing route 6/10,    edge 5/30
10:28:24.871 INFO  - processing route 6/10,    edge 6/30
10:28:24.871 INFO  - processing route 6/10,    edge 7/30
10:28:24.871 INFO  - processing route 6/10,    edge 8/30
10:28:24.871 INFO  - processing route 6/10,    edge 9/30
10:28:24.871 INFO  - processing route 6/10,    edge 10/30
10:28:24.871 INFO  - processing route 6/10,    edge 11/30
10:28:24.871 INFO  - processing route 6/10,    edge 12/30
10:28:24.871 INFO  - processing route 6/10,    edge 13/30
10:28:24.871 INFO  - processing route 6/10,    edge 14/30
10:28:24.872 INFO  - processing route 6/10,    edge 15/30
10:28:24.872 INFO  - processing route 6/10,    edge 16/30
10:28:24.872 INFO  - processing route 6/10,    edge 17/30
10:28:24.872 INFO  - processing route 6/10,    edge 18/30
10:28:24.872 INFO  - processing route 6/10,    edge 19/30
10:28:24.872 INFO  - processing route 6/10,    edge 20/30
10:28:24.872 INFO  - processing route 6/10,    edge 21/30
10:28:24.873 INFO  - processing route 6/10,    edge 22/30
10:28:24.873 INFO  - processing route 6/10,    edge 23/30
10:28:24.873 INFO  - processing route 6/10,    edge 24/30
10:28:24.873 INFO  - processing route 6/10,    edge 25/30
10:28:24.873 INFO  - processing route 6/10,    edge 26/30
10:28:24.873 INFO  - processing route 6/10,    edge 27/30
10:28:24.873 INFO  - processing route 6/10,    edge 28/30
10:28:24.873 INFO  - processing route 6/10,    edge 29/30
10:28:24.873 INFO  - processing route 6/10,    edge 30/30
10:28:24.874 INFO  - processing route 7/10,    
10:28:24.874 INFO  - processing route 7/10,    edge 1/23
10:28:24.874 INFO  - processing route 7/10,    edge 2/23
10:28:24.874 INFO  - processing route 7/10,    edge 3/23
10:28:24.875 INFO  - processing route 7/10,    edge 4/23
10:28:24.875 INFO  - processing route 7/10,    edge 5/23
10:28:24.875 INFO  - processing route 7/10,    edge 6/23
10:28:24.875 INFO  - processing route 7/10,    edge 7/23
10:28:24.875 INFO  - processing route 7/10,    edge 8/23
10:28:24.875 INFO  - processing route 7/10,    edge 9/23
10:28:24.875 INFO  - processing route 7/10,    edge 10/23
10:28:24.875 INFO  - processing route 7/10,    edge 11/23
10:28:24.875 INFO  - processing route 7/10,    edge 12/23
10:28:24.875 INFO  - processing route 7/10,    edge 13/23
10:28:24.875 INFO  - processing route 7/10,    edge 14/23
10:28:24.876 INFO  - processing route 7/10,    edge 15/23
10:28:24.876 INFO  - processing route 7/10,    edge 16/23
10:28:24.876 INFO  - processing route 7/10,    edge 17/23
10:28:24.876 INFO  - processing route 7/10,    edge 18/23
10:28:24.876 INFO  - processing route 7/10,    edge 19/23
10:28:24.876 INFO  - processing route 7/10,    edge 20/23
10:28:24.876 INFO  - processing route 7/10,    edge 21/23
10:28:24.876 INFO  - processing route 7/10,    edge 22/23
10:28:24.876 INFO  - processing route 7/10,    edge 23/23
10:28:24.877 INFO  - processing route 8/10,    
10:28:24.877 INFO  - processing route 8/10,    edge 1/58
10:28:24.877 INFO  - processing route 8/10,    edge 2/58
10:28:24.877 INFO  - processing route 8/10,    edge 3/58
10:28:24.877 INFO  - processing route 8/10,    edge 4/58
10:28:24.877 INFO  - processing route 8/10,    edge 5/58
10:28:24.878 INFO  - processing route 8/10,    edge 6/58
10:28:24.878 INFO  - processing route 8/10,    edge 7/58
10:28:24.878 INFO  - processing route 8/10,    edge 8/58
10:28:24.878 INFO  - processing route 8/10,    edge 9/58
10:28:24.878 INFO  - processing route 8/10,    edge 10/58
10:28:24.878 INFO  - processing route 8/10,    edge 11/58
10:28:24.878 INFO  - processing route 8/10,    edge 12/58
10:28:24.878 INFO  - processing route 8/10,    edge 13/58
10:28:24.878 INFO  - processing route 8/10,    edge 14/58
10:28:24.878 INFO  - processing route 8/10,    edge 15/58
10:28:24.879 INFO  - processing route 8/10,    edge 16/58
10:28:24.879 INFO  - processing route 8/10,    edge 17/58
10:28:24.879 INFO  - processing route 8/10,    edge 18/58
10:28:24.879 INFO  - processing route 8/10,    edge 19/58
10:28:24.879 INFO  - processing route 8/10,    edge 20/58
10:28:24.879 INFO  - processing route 8/10,    edge 21/58
10:28:24.879 INFO  - processing route 8/10,    edge 22/58
10:28:24.879 INFO  - processing route 8/10,    edge 23/58
10:28:24.879 INFO  - processing route 8/10,    edge 24/58
10:28:24.879 INFO  - processing route 8/10,    edge 25/58
10:28:24.879 INFO  - processing route 8/10,    edge 26/58
10:28:24.879 INFO  - processing route 8/10,    edge 27/58
10:28:24.879 INFO  - processing route 8/10,    edge 28/58
10:28:24.880 INFO  - processing route 8/10,    edge 29/58
10:28:24.880 INFO  - processing route 8/10,    edge 30/58
10:28:24.880 INFO  - processing route 8/10,    edge 31/58
10:28:24.880 INFO  - processing route 8/10,    edge 32/58
10:28:24.880 INFO  - processing route 8/10,    edge 33/58
10:28:24.880 INFO  - processing route 8/10,    edge 34/58
10:28:24.880 INFO  - processing route 8/10,    edge 35/58
10:28:24.880 INFO  - processing route 8/10,    edge 36/58
10:28:24.880 INFO  - processing route 8/10,    edge 37/58
10:28:24.880 INFO  - processing route 8/10,    edge 38/58
10:28:24.880 INFO  - processing route 8/10,    edge 39/58
10:28:24.880 INFO  - processing route 8/10,    edge 40/58
10:28:24.880 INFO  - processing route 8/10,    edge 41/58
10:28:24.881 INFO  - processing route 8/10,    edge 42/58
10:28:24.881 INFO  - processing route 8/10,    edge 43/58
10:28:24.881 INFO  - processing route 8/10,    edge 44/58
10:28:24.881 INFO  - processing route 8/10,    edge 45/58
10:28:24.881 INFO  - processing route 8/10,    edge 46/58
10:28:24.881 INFO  - processing route 8/10,    edge 47/58
10:28:24.881 INFO  - processing route 8/10,    edge 48/58
10:28:24.881 INFO  - processing route 8/10,    edge 49/58
10:28:24.881 INFO  - processing route 8/10,    edge 50/58
10:28:24.881 INFO  - processing route 8/10,    edge 51/58
10:28:24.881 INFO  - processing route 8/10,    edge 52/58
10:28:24.881 INFO  - processing route 8/10,    edge 53/58
10:28:24.881 INFO  - processing route 8/10,    edge 54/58
10:28:24.881 INFO  - processing route 8/10,    edge 55/58
10:28:24.881 INFO  - processing route 8/10,    edge 56/58
10:28:24.881 INFO  - processing route 8/10,    edge 57/58
10:28:24.881 INFO  - processing route 8/10,    edge 58/58
10:28:24.882 INFO  - processing route 9/10,    
10:28:24.882 INFO  - processing route 9/10,    edge 1/18
10:28:24.882 INFO  - processing route 9/10,    edge 2/18
10:28:24.882 INFO  - processing route 9/10,    edge 3/18
10:28:24.882 INFO  - processing route 9/10,    edge 4/18
10:28:24.882 INFO  - processing route 9/10,    edge 5/18
10:28:24.882 INFO  - processing route 9/10,    edge 6/18
10:28:24.882 INFO  - processing route 9/10,    edge 7/18
10:28:24.882 INFO  - processing route 9/10,    edge 8/18
10:28:24.882 INFO  - processing route 9/10,    edge 9/18
10:28:24.883 INFO  - processing route 9/10,    edge 10/18
10:28:24.883 INFO  - processing route 9/10,    edge 11/18
10:28:24.883 INFO  - processing route 9/10,    edge 12/18
10:28:24.883 INFO  - processing route 9/10,    edge 13/18
10:28:24.883 INFO  - processing route 9/10,    edge 14/18
10:28:24.883 INFO  - processing route 9/10,    edge 15/18
10:28:24.883 INFO  - processing route 9/10,    edge 16/18
10:28:24.883 INFO  - processing route 9/10,    edge 17/18
10:28:24.883 INFO  - processing route 9/10,    edge 18/18
10:28:24.883 INFO  - processing route 10/10,    
10:28:24.884 INFO  - processing route 10/10,    edge 1/52
10:28:24.884 INFO  - processing route 10/10,    edge 2/52
10:28:24.884 INFO  - processing route 10/10,    edge 3/52
10:28:24.884 INFO  - processing route 10/10,    edge 4/52
10:28:24.884 INFO  - processing route 10/10,    edge 5/52
10:28:24.884 INFO  - processing route 10/10,    edge 6/52
10:28:24.884 INFO  - processing route 10/10,    edge 7/52
10:28:24.884 INFO  - processing route 10/10,    edge 8/52
10:28:24.884 INFO  - processing route 10/10,    edge 9/52
10:28:24.884 INFO  - processing route 10/10,    edge 10/52
10:28:24.884 INFO  - processing route 10/10,    edge 11/52
10:28:24.884 INFO  - processing route 10/10,    edge 12/52
10:28:24.885 INFO  - processing route 10/10,    edge 13/52
10:28:24.885 INFO  - processing route 10/10,    edge 14/52
10:28:24.885 INFO  - processing route 10/10,    edge 15/52
10:28:24.885 INFO  - processing route 10/10,    edge 16/52
10:28:24.885 INFO  - processing route 10/10,    edge 17/52
10:28:24.885 INFO  - processing route 10/10,    edge 18/52
10:28:24.885 INFO  - processing route 10/10,    edge 19/52
10:28:24.885 INFO  - processing route 10/10,    edge 20/52
10:28:24.885 INFO  - processing route 10/10,    edge 21/52
10:28:24.885 INFO  - processing route 10/10,    edge 22/52
10:28:24.885 INFO  - processing route 10/10,    edge 23/52
10:28:24.885 INFO  - processing route 10/10,    edge 24/52
10:28:24.885 INFO  - processing route 10/10,    edge 25/52
10:28:24.885 INFO  - processing route 10/10,    edge 26/52
10:28:24.885 INFO  - processing route 10/10,    edge 27/52
10:28:24.886 INFO  - processing route 10/10,    edge 28/52
10:28:24.886 INFO  - processing route 10/10,    edge 29/52
10:28:24.886 INFO  - processing route 10/10,    edge 30/52
10:28:24.886 INFO  - processing route 10/10,    edge 31/52
10:28:24.886 INFO  - processing route 10/10,    edge 32/52
10:28:24.886 INFO  - processing route 10/10,    edge 33/52
10:28:24.886 INFO  - processing route 10/10,    edge 34/52
10:28:24.886 INFO  - processing route 10/10,    edge 35/52
10:28:24.886 INFO  - processing route 10/10,    edge 36/52
10:28:24.886 INFO  - processing route 10/10,    edge 37/52
10:28:24.886 INFO  - processing route 10/10,    edge 38/52
10:28:24.886 INFO  - processing route 10/10,    edge 39/52
10:28:24.886 INFO  - processing route 10/10,    edge 40/52
10:28:24.886 INFO  - processing route 10/10,    edge 41/52
10:28:24.886 INFO  - processing route 10/10,    edge 42/52
10:28:24.886 INFO  - processing route 10/10,    edge 43/52
10:28:24.887 INFO  - processing route 10/10,    edge 44/52
10:28:24.887 INFO  - processing route 10/10,    edge 45/52
10:28:24.887 INFO  - processing route 10/10,    edge 46/52
10:28:24.887 INFO  - processing route 10/10,    edge 47/52
10:28:24.887 INFO  - processing route 10/10,    edge 48/52
10:28:24.887 INFO  - processing route 10/10,    edge 49/52
10:28:24.887 INFO  - processing route 10/10,    edge 50/52
10:28:24.887 INFO  - processing route 10/10,    edge 51/52
10:28:24.887 INFO  - processing route 10/10,    edge 52/52
10:28:24.887 INFO  - no vehicle definitions found
10:28:24.887 INFO  - 

10:28:25.071 INFO  - Saving 1300 nodes...
10:28:25.092 INFO  - Saving 2200 ways...
10:28:25.137 INFO  - Saving 2200 connections...
10:28:25.176 INFO  - Saving 984 restrictions...
10:28:25.188 INFO  - Saving 10 routes...
10:28:25.196 INFO  - Saving 0 roundabouts...
10:28:25.196 INFO  - Saving 0 buildings...
10:28:25.196 INFO  - Create Indices
10:28:25.197 ERROR - error while trying to write database content: [SQLITE_ERROR] SQL error or missing database (no such table: main.BuildingCorner)
10:28:25.197 INFO  - finished
