15:28:48.390 INFO  - initializing database
15:28:48.392 INFO  - loading database... 
15:28:48.739 INFO  - success

15:28:48.762 INFO  - No net-file given. No network will be imported.
15:28:48.763 INFO  - parsing route file
15:28:48.923 INFO  - processing route 1/10,    
15:28:48.926 INFO  - processing route 1/10,    edge 1/94
15:28:48.926 INFO  - processing route 1/10,    edge 2/94
15:28:48.927 INFO  - processing route 1/10,    edge 3/94
15:28:48.927 INFO  - processing route 1/10,    edge 4/94
15:28:48.927 INFO  - processing route 1/10,    edge 5/94
15:28:48.927 INFO  - processing route 1/10,    edge 6/94
15:28:48.927 INFO  - processing route 1/10,    edge 7/94
15:28:48.927 INFO  - processing route 1/10,    edge 8/94
15:28:48.927 INFO  - processing route 1/10,    edge 9/94
15:28:48.927 INFO  - processing route 1/10,    edge 10/94
15:28:48.927 INFO  - processing route 1/10,    edge 11/94
15:28:48.928 INFO  - processing route 1/10,    edge 12/94
15:28:48.928 INFO  - processing route 1/10,    edge 13/94
15:28:48.928 INFO  - processing route 1/10,    edge 14/94
15:28:48.928 INFO  - processing route 1/10,    edge 15/94
15:28:48.929 INFO  - processing route 1/10,    edge 16/94
15:28:48.929 INFO  - processing route 1/10,    edge 17/94
15:28:48.929 INFO  - processing route 1/10,    edge 18/94
15:28:48.929 INFO  - processing route 1/10,    edge 19/94
15:28:48.929 INFO  - processing route 1/10,    edge 20/94
15:28:48.929 INFO  - processing route 1/10,    edge 21/94
15:28:48.929 INFO  - processing route 1/10,    edge 22/94
15:28:48.930 INFO  - processing route 1/10,    edge 23/94
15:28:48.930 INFO  - processing route 1/10,    edge 24/94
15:28:48.930 INFO  - processing route 1/10,    edge 25/94
15:28:48.930 INFO  - processing route 1/10,    edge 26/94
15:28:48.930 INFO  - processing route 1/10,    edge 27/94
15:28:48.930 INFO  - processing route 1/10,    edge 28/94
15:28:48.931 INFO  - processing route 1/10,    edge 29/94
15:28:48.931 INFO  - processing route 1/10,    edge 30/94
15:28:48.931 INFO  - processing route 1/10,    edge 31/94
15:28:48.931 INFO  - processing route 1/10,    edge 32/94
15:28:48.931 INFO  - processing route 1/10,    edge 33/94
15:28:48.931 INFO  - processing route 1/10,    edge 34/94
15:28:48.931 INFO  - processing route 1/10,    edge 35/94
15:28:48.931 INFO  - processing route 1/10,    edge 36/94
15:28:48.932 INFO  - processing route 1/10,    edge 37/94
15:28:48.932 INFO  - processing route 1/10,    edge 38/94
15:28:48.932 INFO  - processing route 1/10,    edge 39/94
15:28:48.932 INFO  - processing route 1/10,    edge 40/94
15:28:48.932 INFO  - processing route 1/10,    edge 41/94
15:28:48.932 INFO  - processing route 1/10,    edge 42/94
15:28:48.932 INFO  - processing route 1/10,    edge 43/94
15:28:48.933 INFO  - processing route 1/10,    edge 44/94
15:28:48.933 INFO  - processing route 1/10,    edge 45/94
15:28:48.933 INFO  - processing route 1/10,    edge 46/94
15:28:48.933 INFO  - processing route 1/10,    edge 47/94
15:28:48.933 INFO  - processing route 1/10,    edge 48/94
15:28:48.933 INFO  - processing route 1/10,    edge 49/94
15:28:48.933 INFO  - processing route 1/10,    edge 50/94
15:28:48.933 INFO  - processing route 1/10,    edge 51/94
15:28:48.934 INFO  - processing route 1/10,    edge 52/94
15:28:48.934 INFO  - processing route 1/10,    edge 53/94
15:28:48.934 INFO  - processing route 1/10,    edge 54/94
15:28:48.934 INFO  - processing route 1/10,    edge 55/94
15:28:48.934 INFO  - processing route 1/10,    edge 56/94
15:28:48.934 INFO  - processing route 1/10,    edge 57/94
15:28:48.934 INFO  - processing route 1/10,    edge 58/94
15:28:48.935 INFO  - processing route 1/10,    edge 59/94
15:28:48.935 INFO  - processing route 1/10,    edge 60/94
15:28:48.935 INFO  - processing route 1/10,    edge 61/94
15:28:48.936 INFO  - processing route 1/10,    edge 62/94
15:28:48.936 INFO  - processing route 1/10,    edge 63/94
15:28:48.936 INFO  - processing route 1/10,    edge 64/94
15:28:48.936 INFO  - processing route 1/10,    edge 65/94
15:28:48.936 INFO  - processing route 1/10,    edge 66/94
15:28:48.936 INFO  - processing route 1/10,    edge 67/94
15:28:48.936 INFO  - processing route 1/10,    edge 68/94
15:28:48.937 INFO  - processing route 1/10,    edge 69/94
15:28:48.937 INFO  - processing route 1/10,    edge 70/94
15:28:48.937 INFO  - processing route 1/10,    edge 71/94
15:28:48.937 INFO  - processing route 1/10,    edge 72/94
15:28:48.937 INFO  - processing route 1/10,    edge 73/94
15:28:48.937 INFO  - processing route 1/10,    edge 74/94
15:28:48.937 INFO  - processing route 1/10,    edge 75/94
15:28:48.937 INFO  - processing route 1/10,    edge 76/94
15:28:48.938 INFO  - processing route 1/10,    edge 77/94
15:28:48.938 INFO  - processing route 1/10,    edge 78/94
15:28:48.938 INFO  - processing route 1/10,    edge 79/94
15:28:48.938 INFO  - processing route 1/10,    edge 80/94
15:28:48.938 INFO  - processing route 1/10,    edge 81/94
15:28:48.938 INFO  - processing route 1/10,    edge 82/94
15:28:48.938 INFO  - processing route 1/10,    edge 83/94
15:28:48.939 INFO  - processing route 1/10,    edge 84/94
15:28:48.939 INFO  - processing route 1/10,    edge 85/94
15:28:48.939 INFO  - processing route 1/10,    edge 86/94
15:28:48.939 INFO  - processing route 1/10,    edge 87/94
15:28:48.939 INFO  - processing route 1/10,    edge 88/94
15:28:48.939 INFO  - processing route 1/10,    edge 89/94
15:28:48.939 INFO  - processing route 1/10,    edge 90/94
15:28:48.940 INFO  - processing route 1/10,    edge 91/94
15:28:48.940 INFO  - processing route 1/10,    edge 92/94
15:28:48.940 INFO  - processing route 1/10,    edge 93/94
15:28:48.940 INFO  - processing route 1/10,    edge 94/94
15:28:48.941 INFO  - processing route 2/10,    
15:28:48.942 INFO  - processing route 2/10,    edge 1/49
15:28:48.942 INFO  - processing route 2/10,    edge 2/49
15:28:48.943 INFO  - processing route 2/10,    edge 3/49
15:28:48.943 INFO  - processing route 2/10,    edge 4/49
15:28:48.943 INFO  - processing route 2/10,    edge 5/49
15:28:48.943 INFO  - processing route 2/10,    edge 6/49
15:28:48.943 INFO  - processing route 2/10,    edge 7/49
15:28:48.943 INFO  - processing route 2/10,    edge 8/49
15:28:48.944 INFO  - processing route 2/10,    edge 9/49
15:28:48.944 INFO  - processing route 2/10,    edge 10/49
15:28:48.944 INFO  - processing route 2/10,    edge 11/49
15:28:48.944 INFO  - processing route 2/10,    edge 12/49
15:28:48.944 INFO  - processing route 2/10,    edge 13/49
15:28:48.944 INFO  - processing route 2/10,    edge 14/49
15:28:48.944 INFO  - processing route 2/10,    edge 15/49
15:28:48.945 INFO  - processing route 2/10,    edge 16/49
15:28:48.945 INFO  - processing route 2/10,    edge 17/49
15:28:48.945 INFO  - processing route 2/10,    edge 18/49
15:28:48.945 INFO  - processing route 2/10,    edge 19/49
15:28:48.945 INFO  - processing route 2/10,    edge 20/49
15:28:48.945 INFO  - processing route 2/10,    edge 21/49
15:28:48.945 INFO  - processing route 2/10,    edge 22/49
15:28:48.945 INFO  - processing route 2/10,    edge 23/49
15:28:48.946 INFO  - processing route 2/10,    edge 24/49
15:28:48.946 INFO  - processing route 2/10,    edge 25/49
15:28:48.946 INFO  - processing route 2/10,    edge 26/49
15:28:48.947 INFO  - processing route 2/10,    edge 27/49
15:28:48.947 INFO  - processing route 2/10,    edge 28/49
15:28:48.947 INFO  - processing route 2/10,    edge 29/49
15:28:48.947 INFO  - processing route 2/10,    edge 30/49
15:28:48.948 INFO  - processing route 2/10,    edge 31/49
15:28:48.948 INFO  - processing route 2/10,    edge 32/49
15:28:48.948 INFO  - processing route 2/10,    edge 33/49
15:28:48.948 INFO  - processing route 2/10,    edge 34/49
15:28:48.948 INFO  - processing route 2/10,    edge 35/49
15:28:48.948 INFO  - processing route 2/10,    edge 36/49
15:28:48.949 INFO  - processing route 2/10,    edge 37/49
15:28:48.949 INFO  - processing route 2/10,    edge 38/49
15:28:48.949 INFO  - processing route 2/10,    edge 39/49
15:28:48.949 INFO  - processing route 2/10,    edge 40/49
15:28:48.949 INFO  - processing route 2/10,    edge 41/49
15:28:48.949 INFO  - processing route 2/10,    edge 42/49
15:28:48.949 INFO  - processing route 2/10,    edge 43/49
15:28:48.950 INFO  - processing route 2/10,    edge 44/49
15:28:48.950 INFO  - processing route 2/10,    edge 45/49
15:28:48.950 INFO  - processing route 2/10,    edge 46/49
15:28:48.950 INFO  - processing route 2/10,    edge 47/49
15:28:48.950 INFO  - processing route 2/10,    edge 48/49
15:28:48.950 INFO  - processing route 2/10,    edge 49/49
15:28:48.951 INFO  - processing route 3/10,    
15:28:48.952 INFO  - processing route 3/10,    edge 1/79
15:28:48.952 INFO  - processing route 3/10,    edge 2/79
15:28:48.952 INFO  - processing route 3/10,    edge 3/79
15:28:48.952 INFO  - processing route 3/10,    edge 4/79
15:28:48.952 INFO  - processing route 3/10,    edge 5/79
15:28:48.953 INFO  - processing route 3/10,    edge 6/79
15:28:48.953 INFO  - processing route 3/10,    edge 7/79
15:28:48.953 INFO  - processing route 3/10,    edge 8/79
15:28:48.953 INFO  - processing route 3/10,    edge 9/79
15:28:48.953 INFO  - processing route 3/10,    edge 10/79
15:28:48.953 INFO  - processing route 3/10,    edge 11/79
15:28:48.953 INFO  - processing route 3/10,    edge 12/79
15:28:48.953 INFO  - processing route 3/10,    edge 13/79
15:28:48.953 INFO  - processing route 3/10,    edge 14/79
15:28:48.953 INFO  - processing route 3/10,    edge 15/79
15:28:48.954 INFO  - processing route 3/10,    edge 16/79
15:28:48.954 INFO  - processing route 3/10,    edge 17/79
15:28:48.954 INFO  - processing route 3/10,    edge 18/79
15:28:48.954 INFO  - processing route 3/10,    edge 19/79
15:28:48.954 INFO  - processing route 3/10,    edge 20/79
15:28:48.954 INFO  - processing route 3/10,    edge 21/79
15:28:48.954 INFO  - processing route 3/10,    edge 22/79
15:28:48.954 INFO  - processing route 3/10,    edge 23/79
15:28:48.954 INFO  - processing route 3/10,    edge 24/79
15:28:48.955 INFO  - processing route 3/10,    edge 25/79
15:28:48.955 INFO  - processing route 3/10,    edge 26/79
15:28:48.955 INFO  - processing route 3/10,    edge 27/79
15:28:48.955 INFO  - processing route 3/10,    edge 28/79
15:28:48.955 INFO  - processing route 3/10,    edge 29/79
15:28:48.955 INFO  - processing route 3/10,    edge 30/79
15:28:48.955 INFO  - processing route 3/10,    edge 31/79
15:28:48.956 INFO  - processing route 3/10,    edge 32/79
15:28:48.956 INFO  - processing route 3/10,    edge 33/79
15:28:48.956 INFO  - processing route 3/10,    edge 34/79
15:28:48.956 INFO  - processing route 3/10,    edge 35/79
15:28:48.957 INFO  - processing route 3/10,    edge 36/79
15:28:48.957 INFO  - processing route 3/10,    edge 37/79
15:28:48.957 INFO  - processing route 3/10,    edge 38/79
15:28:48.957 INFO  - processing route 3/10,    edge 39/79
15:28:48.957 INFO  - processing route 3/10,    edge 40/79
15:28:48.957 INFO  - processing route 3/10,    edge 41/79
15:28:48.957 INFO  - processing route 3/10,    edge 42/79
15:28:48.957 INFO  - processing route 3/10,    edge 43/79
15:28:48.957 INFO  - processing route 3/10,    edge 44/79
15:28:48.958 INFO  - processing route 3/10,    edge 45/79
15:28:48.958 INFO  - processing route 3/10,    edge 46/79
15:28:48.958 INFO  - processing route 3/10,    edge 47/79
15:28:48.958 INFO  - processing route 3/10,    edge 48/79
15:28:48.958 INFO  - processing route 3/10,    edge 49/79
15:28:48.958 INFO  - processing route 3/10,    edge 50/79
15:28:48.958 INFO  - processing route 3/10,    edge 51/79
15:28:48.959 INFO  - processing route 3/10,    edge 52/79
15:28:48.959 INFO  - processing route 3/10,    edge 53/79
15:28:48.959 INFO  - processing route 3/10,    edge 54/79
15:28:48.959 INFO  - processing route 3/10,    edge 55/79
15:28:48.959 INFO  - processing route 3/10,    edge 56/79
15:28:48.959 INFO  - processing route 3/10,    edge 57/79
15:28:48.959 INFO  - processing route 3/10,    edge 58/79
15:28:48.959 INFO  - processing route 3/10,    edge 59/79
15:28:48.959 INFO  - processing route 3/10,    edge 60/79
15:28:48.959 INFO  - processing route 3/10,    edge 61/79
15:28:48.960 INFO  - processing route 3/10,    edge 62/79
15:28:48.960 INFO  - processing route 3/10,    edge 63/79
15:28:48.960 INFO  - processing route 3/10,    edge 64/79
15:28:48.960 INFO  - processing route 3/10,    edge 65/79
15:28:48.960 INFO  - processing route 3/10,    edge 66/79
15:28:48.960 INFO  - processing route 3/10,    edge 67/79
15:28:48.960 INFO  - processing route 3/10,    edge 68/79
15:28:48.960 INFO  - processing route 3/10,    edge 69/79
15:28:48.961 INFO  - processing route 3/10,    edge 70/79
15:28:48.961 INFO  - processing route 3/10,    edge 71/79
15:28:48.961 INFO  - processing route 3/10,    edge 72/79
15:28:48.961 INFO  - processing route 3/10,    edge 73/79
15:28:48.961 INFO  - processing route 3/10,    edge 74/79
15:28:48.961 INFO  - processing route 3/10,    edge 75/79
15:28:48.961 INFO  - processing route 3/10,    edge 76/79
15:28:48.961 INFO  - processing route 3/10,    edge 77/79
15:28:48.961 INFO  - processing route 3/10,    edge 78/79
15:28:48.961 INFO  - processing route 3/10,    edge 79/79
15:28:48.962 INFO  - processing route 4/10,    
15:28:48.963 INFO  - processing route 4/10,    edge 1/64
15:28:48.963 INFO  - processing route 4/10,    edge 2/64
15:28:48.963 INFO  - processing route 4/10,    edge 3/64
15:28:48.964 INFO  - processing route 4/10,    edge 4/64
15:28:48.964 INFO  - processing route 4/10,    edge 5/64
15:28:48.964 INFO  - processing route 4/10,    edge 6/64
15:28:48.964 INFO  - processing route 4/10,    edge 7/64
15:28:48.964 INFO  - processing route 4/10,    edge 8/64
15:28:48.964 INFO  - processing route 4/10,    edge 9/64
15:28:48.964 INFO  - processing route 4/10,    edge 10/64
15:28:48.964 INFO  - processing route 4/10,    edge 11/64
15:28:48.964 INFO  - processing route 4/10,    edge 12/64
15:28:48.964 INFO  - processing route 4/10,    edge 13/64
15:28:48.965 INFO  - processing route 4/10,    edge 14/64
15:28:48.965 INFO  - processing route 4/10,    edge 15/64
15:28:48.965 INFO  - processing route 4/10,    edge 16/64
15:28:48.965 INFO  - processing route 4/10,    edge 17/64
15:28:48.965 INFO  - processing route 4/10,    edge 18/64
15:28:48.965 INFO  - processing route 4/10,    edge 19/64
15:28:48.965 INFO  - processing route 4/10,    edge 20/64
15:28:48.965 INFO  - processing route 4/10,    edge 21/64
15:28:48.965 INFO  - processing route 4/10,    edge 22/64
15:28:48.965 INFO  - processing route 4/10,    edge 23/64
15:28:48.966 INFO  - processing route 4/10,    edge 24/64
15:28:48.966 INFO  - processing route 4/10,    edge 25/64
15:28:48.966 INFO  - processing route 4/10,    edge 26/64
15:28:48.966 INFO  - processing route 4/10,    edge 27/64
15:28:48.966 INFO  - processing route 4/10,    edge 28/64
15:28:48.966 INFO  - processing route 4/10,    edge 29/64
15:28:48.966 INFO  - processing route 4/10,    edge 30/64
15:28:48.966 INFO  - processing route 4/10,    edge 31/64
15:28:48.967 INFO  - processing route 4/10,    edge 32/64
15:28:48.967 INFO  - processing route 4/10,    edge 33/64
15:28:48.967 INFO  - processing route 4/10,    edge 34/64
15:28:48.967 INFO  - processing route 4/10,    edge 35/64
15:28:48.967 INFO  - processing route 4/10,    edge 36/64
15:28:48.967 INFO  - processing route 4/10,    edge 37/64
15:28:48.967 INFO  - processing route 4/10,    edge 38/64
15:28:48.967 INFO  - processing route 4/10,    edge 39/64
15:28:48.967 INFO  - processing route 4/10,    edge 40/64
15:28:48.967 INFO  - processing route 4/10,    edge 41/64
15:28:48.967 INFO  - processing route 4/10,    edge 42/64
15:28:48.967 INFO  - processing route 4/10,    edge 43/64
15:28:48.967 INFO  - processing route 4/10,    edge 44/64
15:28:48.968 INFO  - processing route 4/10,    edge 45/64
15:28:48.968 INFO  - processing route 4/10,    edge 46/64
15:28:48.968 INFO  - processing route 4/10,    edge 47/64
15:28:48.968 INFO  - processing route 4/10,    edge 48/64
15:28:48.968 INFO  - processing route 4/10,    edge 49/64
15:28:48.968 INFO  - processing route 4/10,    edge 50/64
15:28:48.968 INFO  - processing route 4/10,    edge 51/64
15:28:48.968 INFO  - processing route 4/10,    edge 52/64
15:28:48.968 INFO  - processing route 4/10,    edge 53/64
15:28:48.968 INFO  - processing route 4/10,    edge 54/64
15:28:48.968 INFO  - processing route 4/10,    edge 55/64
15:28:48.969 INFO  - processing route 4/10,    edge 56/64
15:28:48.969 INFO  - processing route 4/10,    edge 57/64
15:28:48.969 INFO  - processing route 4/10,    edge 58/64
15:28:48.969 INFO  - processing route 4/10,    edge 59/64
15:28:48.969 INFO  - processing route 4/10,    edge 60/64
15:28:48.969 INFO  - processing route 4/10,    edge 61/64
15:28:48.969 INFO  - processing route 4/10,    edge 62/64
15:28:48.969 INFO  - processing route 4/10,    edge 63/64
15:28:48.969 INFO  - processing route 4/10,    edge 64/64
15:28:48.970 INFO  - processing route 5/10,    
15:28:48.971 INFO  - processing route 5/10,    edge 1/34
15:28:48.971 INFO  - processing route 5/10,    edge 2/34
15:28:48.971 INFO  - processing route 5/10,    edge 3/34
15:28:48.971 INFO  - processing route 5/10,    edge 4/34
15:28:48.971 INFO  - processing route 5/10,    edge 5/34
15:28:48.971 INFO  - processing route 5/10,    edge 6/34
15:28:48.971 INFO  - processing route 5/10,    edge 7/34
15:28:48.971 INFO  - processing route 5/10,    edge 8/34
15:28:48.971 INFO  - processing route 5/10,    edge 9/34
15:28:48.971 INFO  - processing route 5/10,    edge 10/34
15:28:48.971 INFO  - processing route 5/10,    edge 11/34
15:28:48.972 INFO  - processing route 5/10,    edge 12/34
15:28:48.972 INFO  - processing route 5/10,    edge 13/34
15:28:48.972 INFO  - processing route 5/10,    edge 14/34
15:28:48.972 INFO  - processing route 5/10,    edge 15/34
15:28:48.972 INFO  - processing route 5/10,    edge 16/34
15:28:48.972 INFO  - processing route 5/10,    edge 17/34
15:28:48.972 INFO  - processing route 5/10,    edge 18/34
15:28:48.972 INFO  - processing route 5/10,    edge 19/34
15:28:48.972 INFO  - processing route 5/10,    edge 20/34
15:28:48.972 INFO  - processing route 5/10,    edge 21/34
15:28:48.972 INFO  - processing route 5/10,    edge 22/34
15:28:48.972 INFO  - processing route 5/10,    edge 23/34
15:28:48.972 INFO  - processing route 5/10,    edge 24/34
15:28:48.973 INFO  - processing route 5/10,    edge 25/34
15:28:48.973 INFO  - processing route 5/10,    edge 26/34
15:28:48.973 INFO  - processing route 5/10,    edge 27/34
15:28:48.973 INFO  - processing route 5/10,    edge 28/34
15:28:48.973 INFO  - processing route 5/10,    edge 29/34
15:28:48.973 INFO  - processing route 5/10,    edge 30/34
15:28:48.973 INFO  - processing route 5/10,    edge 31/34
15:28:48.973 INFO  - processing route 5/10,    edge 32/34
15:28:48.973 INFO  - processing route 5/10,    edge 33/34
15:28:48.974 INFO  - processing route 5/10,    edge 34/34
15:28:48.974 INFO  - processing route 6/10,    
15:28:48.974 INFO  - processing route 6/10,    edge 1/42
15:28:48.975 INFO  - processing route 6/10,    edge 2/42
15:28:48.975 INFO  - processing route 6/10,    edge 3/42
15:28:48.975 INFO  - processing route 6/10,    edge 4/42
15:28:48.975 INFO  - processing route 6/10,    edge 5/42
15:28:48.975 INFO  - processing route 6/10,    edge 6/42
15:28:48.975 INFO  - processing route 6/10,    edge 7/42
15:28:48.975 INFO  - processing route 6/10,    edge 8/42
15:28:48.975 INFO  - processing route 6/10,    edge 9/42
15:28:48.975 INFO  - processing route 6/10,    edge 10/42
15:28:48.975 INFO  - processing route 6/10,    edge 11/42
15:28:48.975 INFO  - processing route 6/10,    edge 12/42
15:28:48.975 INFO  - processing route 6/10,    edge 13/42
15:28:48.975 INFO  - processing route 6/10,    edge 14/42
15:28:48.976 INFO  - processing route 6/10,    edge 15/42
15:28:48.976 INFO  - processing route 6/10,    edge 16/42
15:28:48.976 INFO  - processing route 6/10,    edge 17/42
15:28:48.976 INFO  - processing route 6/10,    edge 18/42
15:28:48.976 INFO  - processing route 6/10,    edge 19/42
15:28:48.976 INFO  - processing route 6/10,    edge 20/42
15:28:48.976 INFO  - processing route 6/10,    edge 21/42
15:28:48.976 INFO  - processing route 6/10,    edge 22/42
15:28:48.976 INFO  - processing route 6/10,    edge 23/42
15:28:48.977 INFO  - processing route 6/10,    edge 24/42
15:28:48.977 INFO  - processing route 6/10,    edge 25/42
15:28:48.977 INFO  - processing route 6/10,    edge 26/42
15:28:48.977 INFO  - processing route 6/10,    edge 27/42
15:28:48.977 INFO  - processing route 6/10,    edge 28/42
15:28:48.977 INFO  - processing route 6/10,    edge 29/42
15:28:48.977 INFO  - processing route 6/10,    edge 30/42
15:28:48.977 INFO  - processing route 6/10,    edge 31/42
15:28:48.977 INFO  - processing route 6/10,    edge 32/42
15:28:48.977 INFO  - processing route 6/10,    edge 33/42
15:28:48.978 INFO  - processing route 6/10,    edge 34/42
15:28:48.978 INFO  - processing route 6/10,    edge 35/42
15:28:48.978 INFO  - processing route 6/10,    edge 36/42
15:28:48.978 INFO  - processing route 6/10,    edge 37/42
15:28:48.978 INFO  - processing route 6/10,    edge 38/42
15:28:48.978 INFO  - processing route 6/10,    edge 39/42
15:28:48.978 INFO  - processing route 6/10,    edge 40/42
15:28:48.978 INFO  - processing route 6/10,    edge 41/42
15:28:48.978 INFO  - processing route 6/10,    edge 42/42
15:28:48.979 INFO  - processing route 7/10,    
15:28:48.979 INFO  - processing route 7/10,    edge 1/58
15:28:48.979 INFO  - processing route 7/10,    edge 2/58
15:28:48.979 INFO  - processing route 7/10,    edge 3/58
15:28:48.979 INFO  - processing route 7/10,    edge 4/58
15:28:48.979 INFO  - processing route 7/10,    edge 5/58
15:28:48.980 INFO  - processing route 7/10,    edge 6/58
15:28:48.980 INFO  - processing route 7/10,    edge 7/58
15:28:48.980 INFO  - processing route 7/10,    edge 8/58
15:28:48.980 INFO  - processing route 7/10,    edge 9/58
15:28:48.980 INFO  - processing route 7/10,    edge 10/58
15:28:48.980 INFO  - processing route 7/10,    edge 11/58
15:28:48.980 INFO  - processing route 7/10,    edge 12/58
15:28:48.980 INFO  - processing route 7/10,    edge 13/58
15:28:48.980 INFO  - processing route 7/10,    edge 14/58
15:28:48.980 INFO  - processing route 7/10,    edge 15/58
15:28:48.980 INFO  - processing route 7/10,    edge 16/58
15:28:48.980 INFO  - processing route 7/10,    edge 17/58
15:28:48.980 INFO  - processing route 7/10,    edge 18/58
15:28:48.981 INFO  - processing route 7/10,    edge 19/58
15:28:48.981 INFO  - processing route 7/10,    edge 20/58
15:28:48.981 INFO  - processing route 7/10,    edge 21/58
15:28:48.981 INFO  - processing route 7/10,    edge 22/58
15:28:48.981 INFO  - processing route 7/10,    edge 23/58
15:28:48.981 INFO  - processing route 7/10,    edge 24/58
15:28:48.981 INFO  - processing route 7/10,    edge 25/58
15:28:48.981 INFO  - processing route 7/10,    edge 26/58
15:28:48.981 INFO  - processing route 7/10,    edge 27/58
15:28:48.981 INFO  - processing route 7/10,    edge 28/58
15:28:48.981 INFO  - processing route 7/10,    edge 29/58
15:28:48.981 INFO  - processing route 7/10,    edge 30/58
15:28:48.981 INFO  - processing route 7/10,    edge 31/58
15:28:48.981 INFO  - processing route 7/10,    edge 32/58
15:28:48.981 INFO  - processing route 7/10,    edge 33/58
15:28:48.981 INFO  - processing route 7/10,    edge 34/58
15:28:48.982 INFO  - processing route 7/10,    edge 35/58
15:28:48.982 INFO  - processing route 7/10,    edge 36/58
15:28:48.982 INFO  - processing route 7/10,    edge 37/58
15:28:48.982 INFO  - processing route 7/10,    edge 38/58
15:28:48.982 INFO  - processing route 7/10,    edge 39/58
15:28:48.982 INFO  - processing route 7/10,    edge 40/58
15:28:48.982 INFO  - processing route 7/10,    edge 41/58
15:28:48.982 INFO  - processing route 7/10,    edge 42/58
15:28:48.982 INFO  - processing route 7/10,    edge 43/58
15:28:48.982 INFO  - processing route 7/10,    edge 44/58
15:28:48.982 INFO  - processing route 7/10,    edge 45/58
15:28:48.982 INFO  - processing route 7/10,    edge 46/58
15:28:48.982 INFO  - processing route 7/10,    edge 47/58
15:28:48.982 INFO  - processing route 7/10,    edge 48/58
15:28:48.982 INFO  - processing route 7/10,    edge 49/58
15:28:48.982 INFO  - processing route 7/10,    edge 50/58
15:28:48.983 INFO  - processing route 7/10,    edge 51/58
15:28:48.983 INFO  - processing route 7/10,    edge 52/58
15:28:48.983 INFO  - processing route 7/10,    edge 53/58
15:28:48.983 INFO  - processing route 7/10,    edge 54/58
15:28:48.983 INFO  - processing route 7/10,    edge 55/58
15:28:48.983 INFO  - processing route 7/10,    edge 56/58
15:28:48.984 INFO  - processing route 7/10,    edge 57/58
15:28:48.984 INFO  - processing route 7/10,    edge 58/58
15:28:48.984 INFO  - processing route 8/10,    
15:28:48.985 INFO  - processing route 8/10,    edge 1/78
15:28:48.985 INFO  - processing route 8/10,    edge 2/78
15:28:48.985 INFO  - processing route 8/10,    edge 3/78
15:28:48.985 INFO  - processing route 8/10,    edge 4/78
15:28:48.985 INFO  - processing route 8/10,    edge 5/78
15:28:48.986 INFO  - processing route 8/10,    edge 6/78
15:28:48.986 INFO  - processing route 8/10,    edge 7/78
15:28:48.986 INFO  - processing route 8/10,    edge 8/78
15:28:48.986 INFO  - processing route 8/10,    edge 9/78
15:28:48.986 INFO  - processing route 8/10,    edge 10/78
15:28:48.986 INFO  - processing route 8/10,    edge 11/78
15:28:48.986 INFO  - processing route 8/10,    edge 12/78
15:28:48.986 INFO  - processing route 8/10,    edge 13/78
15:28:48.986 INFO  - processing route 8/10,    edge 14/78
15:28:48.986 INFO  - processing route 8/10,    edge 15/78
15:28:48.986 INFO  - processing route 8/10,    edge 16/78
15:28:48.986 INFO  - processing route 8/10,    edge 17/78
15:28:48.986 INFO  - processing route 8/10,    edge 18/78
15:28:48.986 INFO  - processing route 8/10,    edge 19/78
15:28:48.986 INFO  - processing route 8/10,    edge 20/78
15:28:48.986 INFO  - processing route 8/10,    edge 21/78
15:28:48.987 INFO  - processing route 8/10,    edge 22/78
15:28:48.987 INFO  - processing route 8/10,    edge 23/78
15:28:48.987 INFO  - processing route 8/10,    edge 24/78
15:28:48.987 INFO  - processing route 8/10,    edge 25/78
15:28:48.987 INFO  - processing route 8/10,    edge 26/78
15:28:48.987 INFO  - processing route 8/10,    edge 27/78
15:28:48.987 INFO  - processing route 8/10,    edge 28/78
15:28:48.987 INFO  - processing route 8/10,    edge 29/78
15:28:48.987 INFO  - processing route 8/10,    edge 30/78
15:28:48.987 INFO  - processing route 8/10,    edge 31/78
15:28:48.987 INFO  - processing route 8/10,    edge 32/78
15:28:48.987 INFO  - processing route 8/10,    edge 33/78
15:28:48.987 INFO  - processing route 8/10,    edge 34/78
15:28:48.987 INFO  - processing route 8/10,    edge 35/78
15:28:48.987 INFO  - processing route 8/10,    edge 36/78
15:28:48.987 INFO  - processing route 8/10,    edge 37/78
15:28:48.987 INFO  - processing route 8/10,    edge 38/78
15:28:48.988 INFO  - processing route 8/10,    edge 39/78
15:28:48.988 INFO  - processing route 8/10,    edge 40/78
15:28:48.988 INFO  - processing route 8/10,    edge 41/78
15:28:48.988 INFO  - processing route 8/10,    edge 42/78
15:28:48.988 INFO  - processing route 8/10,    edge 43/78
15:28:48.988 INFO  - processing route 8/10,    edge 44/78
15:28:48.988 INFO  - processing route 8/10,    edge 45/78
15:28:48.988 INFO  - processing route 8/10,    edge 46/78
15:28:48.988 INFO  - processing route 8/10,    edge 47/78
15:28:48.988 INFO  - processing route 8/10,    edge 48/78
15:28:48.988 INFO  - processing route 8/10,    edge 49/78
15:28:48.988 INFO  - processing route 8/10,    edge 50/78
15:28:48.988 INFO  - processing route 8/10,    edge 51/78
15:28:48.988 INFO  - processing route 8/10,    edge 52/78
15:28:48.988 INFO  - processing route 8/10,    edge 53/78
15:28:48.988 INFO  - processing route 8/10,    edge 54/78
15:28:48.989 INFO  - processing route 8/10,    edge 55/78
15:28:48.989 INFO  - processing route 8/10,    edge 56/78
15:28:48.989 INFO  - processing route 8/10,    edge 57/78
15:28:48.989 INFO  - processing route 8/10,    edge 58/78
15:28:48.989 INFO  - processing route 8/10,    edge 59/78
15:28:48.989 INFO  - processing route 8/10,    edge 60/78
15:28:48.989 INFO  - processing route 8/10,    edge 61/78
15:28:48.989 INFO  - processing route 8/10,    edge 62/78
15:28:48.989 INFO  - processing route 8/10,    edge 63/78
15:28:48.989 INFO  - processing route 8/10,    edge 64/78
15:28:48.989 INFO  - processing route 8/10,    edge 65/78
15:28:48.989 INFO  - processing route 8/10,    edge 66/78
15:28:48.989 INFO  - processing route 8/10,    edge 67/78
15:28:48.989 INFO  - processing route 8/10,    edge 68/78
15:28:48.990 INFO  - processing route 8/10,    edge 69/78
15:28:48.990 INFO  - processing route 8/10,    edge 70/78
15:28:48.990 INFO  - processing route 8/10,    edge 71/78
15:28:48.990 INFO  - processing route 8/10,    edge 72/78
15:28:48.990 INFO  - processing route 8/10,    edge 73/78
15:28:48.990 INFO  - processing route 8/10,    edge 74/78
15:28:48.990 INFO  - processing route 8/10,    edge 75/78
15:28:48.990 INFO  - processing route 8/10,    edge 76/78
15:28:48.990 INFO  - processing route 8/10,    edge 77/78
15:28:48.990 INFO  - processing route 8/10,    edge 78/78
15:28:48.991 INFO  - processing route 9/10,    
15:28:48.992 INFO  - processing route 9/10,    edge 1/58
15:28:48.992 INFO  - processing route 9/10,    edge 2/58
15:28:48.992 INFO  - processing route 9/10,    edge 3/58
15:28:48.992 INFO  - processing route 9/10,    edge 4/58
15:28:48.993 INFO  - processing route 9/10,    edge 5/58
15:28:48.993 INFO  - processing route 9/10,    edge 6/58
15:28:48.993 INFO  - processing route 9/10,    edge 7/58
15:28:48.993 INFO  - processing route 9/10,    edge 8/58
15:28:48.993 INFO  - processing route 9/10,    edge 9/58
15:28:48.993 INFO  - processing route 9/10,    edge 10/58
15:28:48.993 INFO  - processing route 9/10,    edge 11/58
15:28:48.993 INFO  - processing route 9/10,    edge 12/58
15:28:48.993 INFO  - processing route 9/10,    edge 13/58
15:28:48.993 INFO  - processing route 9/10,    edge 14/58
15:28:48.993 INFO  - processing route 9/10,    edge 15/58
15:28:48.993 INFO  - processing route 9/10,    edge 16/58
15:28:48.993 INFO  - processing route 9/10,    edge 17/58
15:28:48.993 INFO  - processing route 9/10,    edge 18/58
15:28:48.994 INFO  - processing route 9/10,    edge 19/58
15:28:48.994 INFO  - processing route 9/10,    edge 20/58
15:28:48.994 INFO  - processing route 9/10,    edge 21/58
15:28:48.994 INFO  - processing route 9/10,    edge 22/58
15:28:48.994 INFO  - processing route 9/10,    edge 23/58
15:28:48.994 INFO  - processing route 9/10,    edge 24/58
15:28:48.994 INFO  - processing route 9/10,    edge 25/58
15:28:48.994 INFO  - processing route 9/10,    edge 26/58
15:28:48.994 INFO  - processing route 9/10,    edge 27/58
15:28:48.994 INFO  - processing route 9/10,    edge 28/58
15:28:48.994 INFO  - processing route 9/10,    edge 29/58
15:28:48.994 INFO  - processing route 9/10,    edge 30/58
15:28:48.994 INFO  - processing route 9/10,    edge 31/58
15:28:48.994 INFO  - processing route 9/10,    edge 32/58
15:28:48.994 INFO  - processing route 9/10,    edge 33/58
15:28:48.994 INFO  - processing route 9/10,    edge 34/58
15:28:48.995 INFO  - processing route 9/10,    edge 35/58
15:28:48.995 INFO  - processing route 9/10,    edge 36/58
15:28:48.995 INFO  - processing route 9/10,    edge 37/58
15:28:48.995 INFO  - processing route 9/10,    edge 38/58
15:28:48.995 INFO  - processing route 9/10,    edge 39/58
15:28:48.995 INFO  - processing route 9/10,    edge 40/58
15:28:48.995 INFO  - processing route 9/10,    edge 41/58
15:28:48.995 INFO  - processing route 9/10,    edge 42/58
15:28:48.995 INFO  - processing route 9/10,    edge 43/58
15:28:48.995 INFO  - processing route 9/10,    edge 44/58
15:28:48.995 INFO  - processing route 9/10,    edge 45/58
15:28:48.995 INFO  - processing route 9/10,    edge 46/58
15:28:48.995 INFO  - processing route 9/10,    edge 47/58
15:28:48.995 INFO  - processing route 9/10,    edge 48/58
15:28:48.995 INFO  - processing route 9/10,    edge 49/58
15:28:48.995 INFO  - processing route 9/10,    edge 50/58
15:28:48.995 INFO  - processing route 9/10,    edge 51/58
15:28:48.995 INFO  - processing route 9/10,    edge 52/58
15:28:48.996 INFO  - processing route 9/10,    edge 53/58
15:28:48.996 INFO  - processing route 9/10,    edge 54/58
15:28:48.996 INFO  - processing route 9/10,    edge 55/58
15:28:48.996 INFO  - processing route 9/10,    edge 56/58
15:28:48.996 INFO  - processing route 9/10,    edge 57/58
15:28:48.996 INFO  - processing route 9/10,    edge 58/58
15:28:48.996 INFO  - processing route 10/10,    
15:28:48.997 INFO  - processing route 10/10,    edge 1/68
15:28:48.997 INFO  - processing route 10/10,    edge 2/68
15:28:48.997 INFO  - processing route 10/10,    edge 3/68
15:28:48.997 INFO  - processing route 10/10,    edge 4/68
15:28:48.997 INFO  - processing route 10/10,    edge 5/68
15:28:48.997 INFO  - processing route 10/10,    edge 6/68
15:28:48.997 INFO  - processing route 10/10,    edge 7/68
15:28:48.997 INFO  - processing route 10/10,    edge 8/68
15:28:48.997 INFO  - processing route 10/10,    edge 9/68
15:28:48.997 INFO  - processing route 10/10,    edge 10/68
15:28:48.997 INFO  - processing route 10/10,    edge 11/68
15:28:48.997 INFO  - processing route 10/10,    edge 12/68
15:28:48.998 INFO  - processing route 10/10,    edge 13/68
15:28:48.998 INFO  - processing route 10/10,    edge 14/68
15:28:48.998 INFO  - processing route 10/10,    edge 15/68
15:28:48.998 INFO  - processing route 10/10,    edge 16/68
15:28:48.998 INFO  - processing route 10/10,    edge 17/68
15:28:48.998 INFO  - processing route 10/10,    edge 18/68
15:28:48.998 INFO  - processing route 10/10,    edge 19/68
15:28:48.998 INFO  - processing route 10/10,    edge 20/68
15:28:48.998 INFO  - processing route 10/10,    edge 21/68
15:28:48.998 INFO  - processing route 10/10,    edge 22/68
15:28:48.998 INFO  - processing route 10/10,    edge 23/68
15:28:48.998 INFO  - processing route 10/10,    edge 24/68
15:28:48.998 INFO  - processing route 10/10,    edge 25/68
15:28:48.998 INFO  - processing route 10/10,    edge 26/68
15:28:48.999 INFO  - processing route 10/10,    edge 27/68
15:28:48.999 INFO  - processing route 10/10,    edge 28/68
15:28:48.999 INFO  - processing route 10/10,    edge 29/68
15:28:48.999 INFO  - processing route 10/10,    edge 30/68
15:28:48.999 INFO  - processing route 10/10,    edge 31/68
15:28:48.999 INFO  - processing route 10/10,    edge 32/68
15:28:48.999 INFO  - processing route 10/10,    edge 33/68
15:28:48.999 INFO  - processing route 10/10,    edge 34/68
15:28:48.999 INFO  - processing route 10/10,    edge 35/68
15:28:48.999 INFO  - processing route 10/10,    edge 36/68
15:28:48.999 INFO  - processing route 10/10,    edge 37/68
15:28:48.999 INFO  - processing route 10/10,    edge 38/68
15:28:48.999 INFO  - processing route 10/10,    edge 39/68
15:28:48.999 INFO  - processing route 10/10,    edge 40/68
15:28:48.999 INFO  - processing route 10/10,    edge 41/68
15:28:49.000 INFO  - processing route 10/10,    edge 42/68
15:28:49.000 INFO  - processing route 10/10,    edge 43/68
15:28:49.000 INFO  - processing route 10/10,    edge 44/68
15:28:49.000 INFO  - processing route 10/10,    edge 45/68
15:28:49.000 INFO  - processing route 10/10,    edge 46/68
15:28:49.000 INFO  - processing route 10/10,    edge 47/68
15:28:49.000 INFO  - processing route 10/10,    edge 48/68
15:28:49.000 INFO  - processing route 10/10,    edge 49/68
15:28:49.000 INFO  - processing route 10/10,    edge 50/68
15:28:49.000 INFO  - processing route 10/10,    edge 51/68
15:28:49.000 INFO  - processing route 10/10,    edge 52/68
15:28:49.000 INFO  - processing route 10/10,    edge 53/68
15:28:49.000 INFO  - processing route 10/10,    edge 54/68
15:28:49.000 INFO  - processing route 10/10,    edge 55/68
15:28:49.000 INFO  - processing route 10/10,    edge 56/68
15:28:49.000 INFO  - processing route 10/10,    edge 57/68
15:28:49.000 INFO  - processing route 10/10,    edge 58/68
15:28:49.001 INFO  - processing route 10/10,    edge 59/68
15:28:49.001 INFO  - processing route 10/10,    edge 60/68
15:28:49.001 INFO  - processing route 10/10,    edge 61/68
15:28:49.001 INFO  - processing route 10/10,    edge 62/68
15:28:49.001 INFO  - processing route 10/10,    edge 63/68
15:28:49.001 INFO  - processing route 10/10,    edge 64/68
15:28:49.001 INFO  - processing route 10/10,    edge 65/68
15:28:49.001 INFO  - processing route 10/10,    edge 66/68
15:28:49.001 INFO  - processing route 10/10,    edge 67/68
15:28:49.001 INFO  - processing route 10/10,    edge 68/68
15:28:49.001 INFO  - no vehicle definitions found
15:28:49.002 INFO  - 

15:28:49.186 INFO  - Saving 1300 nodes...
15:28:49.204 INFO  - Saving 2200 ways...
15:28:49.249 INFO  - Saving 2200 connections...
15:28:49.290 INFO  - Saving 984 restrictions...
15:28:49.301 INFO  - Saving 10 routes...
15:28:49.310 INFO  - Saving 0 roundabouts...
15:28:49.310 INFO  - Saving 0 buildings...
15:28:49.311 INFO  - Create Indices
15:28:49.311 ERROR - error while trying to write database content: [SQLITE_ERROR] SQL error or missing database (no such table: main.BuildingCorner)
15:28:49.312 INFO  - finished
